# column   1     --> step : The current simulation time step.
# column   2     --> time : The elapsed simulation time.
# column   3     --> conserved : The value of the conserved energy quantity per bead.
# column   4     --> temperature{kelvin} : The current temperature, as obtained from the MD kinetic energy.
# column   5     --> kinetic_md : The kinetic energy of the (extended) classical system.
# column   6     --> potential : The physical system potential energy.
# column   7     --> pressure_md : The pressure of the (extended) classical system.
    0.00000000e+00     0.00000000e+00    -1.98560405e+00     1.09643980e+03     0.00000000e+00    -1.98560405e+00     0.00000000e+00   
    1.00000000e+00     0.00000000e+00    -2.05186343e+00     1.09643980e+03     0.00000000e+00    -2.05186343e+00     0.00000000e+00   
    2.00000000e+00     0.00000000e+00    -2.05981207e+00     1.09643980e+03     0.00000000e+00    -2.05981207e+00     0.00000000e+00   
    3.00000000e+00     0.00000000e+00    -2.07136559e+00     1.09643980e+03     0.00000000e+00    -2.07136559e+00     0.00000000e+00   
    4.00000000e+00     0.00000000e+00    -2.07140541e+00     1.09643980e+03     0.00000000e+00    -2.07140541e+00     0.00000000e+00   
    5.00000000e+00     0.00000000e+00    -2.07141995e+00     1.09643980e+03     0.00000000e+00    -2.07141995e+00     0.00000000e+00   
    6.00000000e+00     0.00000000e+00    -2.07143569e+00     1.09643980e+03     0.00000000e+00    -2.07143569e+00     0.00000000e+00   
    7.00000000e+00     0.00000000e+00    -2.07148314e+00     1.09643980e+03     0.00000000e+00    -2.07148314e+00     0.00000000e+00   
    8.00000000e+00     0.00000000e+00    -2.07151365e+00     1.09643980e+03     0.00000000e+00    -2.07151365e+00     0.00000000e+00   
    9.00000000e+00     0.00000000e+00    -2.07153487e+00     1.09643980e+03     0.00000000e+00    -2.07153487e+00     0.00000000e+00   
    1.00000000e+01     0.00000000e+00    -2.07155108e+00     1.09643980e+03     0.00000000e+00    -2.07155108e+00     0.00000000e+00   
    1.10000000e+01     0.00000000e+00    -2.07156229e+00     1.09643980e+03     0.00000000e+00    -2.07156229e+00     0.00000000e+00   
    1.20000000e+01     0.00000000e+00    -2.07157612e+00     1.09643980e+03     0.00000000e+00    -2.07157612e+00     0.00000000e+00   
    1.30000000e+01     0.00000000e+00    -2.07158375e+00     1.09643980e+03     0.00000000e+00    -2.07158375e+00     0.00000000e+00   
    1.40000000e+01     0.00000000e+00    -2.07160640e+00     1.09643980e+03     0.00000000e+00    -2.07160640e+00     0.00000000e+00   
    1.50000000e+01     0.00000000e+00    -2.07161570e+00     1.09643980e+03     0.00000000e+00    -2.07161570e+00     0.00000000e+00   
    1.60000000e+01     0.00000000e+00    -2.07162666e+00     1.09643980e+03     0.00000000e+00    -2.07162666e+00     0.00000000e+00   
    1.70000000e+01     0.00000000e+00    -2.07164621e+00     1.09643980e+03     0.00000000e+00    -2.07164621e+00     0.00000000e+00   
    1.80000000e+01     0.00000000e+00    -2.07166719e+00     1.09643980e+03     0.00000000e+00    -2.07166719e+00     0.00000000e+00   
    1.90000000e+01     0.00000000e+00    -2.07169914e+00     1.09643980e+03     0.00000000e+00    -2.07169914e+00     0.00000000e+00   
    2.00000000e+01     0.00000000e+00    -2.07172298e+00     1.09643980e+03     0.00000000e+00    -2.07172298e+00     0.00000000e+00   
    2.10000000e+01     0.00000000e+00    -2.07174182e+00     1.09643980e+03     0.00000000e+00    -2.07174182e+00     0.00000000e+00   
    2.20000000e+01     0.00000000e+00    -2.07175779e+00     1.09643980e+03     0.00000000e+00    -2.07175779e+00     0.00000000e+00   
    2.30000000e+01     0.00000000e+00    -2.07178020e+00     1.09643980e+03     0.00000000e+00    -2.07178020e+00     0.00000000e+00   
    2.40000000e+01     0.00000000e+00    -2.07179761e+00     1.09643980e+03     0.00000000e+00    -2.07179761e+00     0.00000000e+00   
    2.50000000e+01     0.00000000e+00    -2.07180762e+00     1.09643980e+03     0.00000000e+00    -2.07180762e+00     0.00000000e+00   
    2.60000000e+01     0.00000000e+00    -2.07181072e+00     1.09643980e+03     0.00000000e+00    -2.07181072e+00     0.00000000e+00   
    2.70000000e+01     0.00000000e+00    -2.07182837e+00     1.09643980e+03     0.00000000e+00    -2.07182837e+00     0.00000000e+00   
    2.80000000e+01     0.00000000e+00    -2.07183480e+00     1.09643980e+03     0.00000000e+00    -2.07183480e+00     0.00000000e+00   
    2.90000000e+01     0.00000000e+00    -2.07184196e+00     1.09643980e+03     0.00000000e+00    -2.07184196e+00     0.00000000e+00   
    3.00000000e+01     0.00000000e+00    -2.07185173e+00     1.09643980e+03     0.00000000e+00    -2.07185173e+00     0.00000000e+00   
    3.10000000e+01     0.00000000e+00    -2.07185292e+00     1.09643980e+03     0.00000000e+00    -2.07185292e+00     0.00000000e+00   
    3.20000000e+01     0.00000000e+00    -2.07185984e+00     1.09643980e+03     0.00000000e+00    -2.07185984e+00     0.00000000e+00   
    3.30000000e+01     0.00000000e+00    -2.07186174e+00     1.09643980e+03     0.00000000e+00    -2.07186174e+00     0.00000000e+00   
