# column   1     --> step : The current simulation time step.
# column   2     --> time : The elapsed simulation time.
# column   3     --> conserved : The value of the conserved energy quantity per bead.
# column   4     --> temperature{kelvin} : The current temperature, as obtained from the MD kinetic energy.
# column   5     --> kinetic_md : The kinetic energy of the (extended) classical system.
# column   6     --> potential : The physical system potential energy.
# column   7     --> pressure_md : The pressure of the (extended) classical system.
    0.00000000e+00     0.00000000e+00    -1.98880327e+00     1.09643980e+03     0.00000000e+00    -1.98880327e+00     0.00000000e+00   
    1.00000000e+00     0.00000000e+00    -2.05504465e+00     1.09643980e+03     0.00000000e+00    -2.05504465e+00     0.00000000e+00   
    2.00000000e+00     0.00000000e+00    -2.06315446e+00     1.09643980e+03     0.00000000e+00    -2.06315446e+00     0.00000000e+00   
    3.00000000e+00     0.00000000e+00    -2.07492089e+00     1.09643980e+03     0.00000000e+00    -2.07492089e+00     0.00000000e+00   
    4.00000000e+00     0.00000000e+00    -2.07495642e+00     1.09643980e+03     0.00000000e+00    -2.07495642e+00     0.00000000e+00   
    5.00000000e+00     0.00000000e+00    -2.07497144e+00     1.09643980e+03     0.00000000e+00    -2.07497144e+00     0.00000000e+00   
    6.00000000e+00     0.00000000e+00    -2.07498717e+00     1.09643980e+03     0.00000000e+00    -2.07498717e+00     0.00000000e+00   
    7.00000000e+00     0.00000000e+00    -2.07503295e+00     1.09643980e+03     0.00000000e+00    -2.07503295e+00     0.00000000e+00   
    8.00000000e+00     0.00000000e+00    -2.07505107e+00     1.09643980e+03     0.00000000e+00    -2.07505107e+00     0.00000000e+00   
    9.00000000e+00     0.00000000e+00    -2.07507753e+00     1.09643980e+03     0.00000000e+00    -2.07507753e+00     0.00000000e+00   
    1.00000000e+01     0.00000000e+00    -2.07509017e+00     1.09643980e+03     0.00000000e+00    -2.07509017e+00     0.00000000e+00   
    1.10000000e+01     0.00000000e+00    -2.07510233e+00     1.09643980e+03     0.00000000e+00    -2.07510233e+00     0.00000000e+00   
    1.20000000e+01     0.00000000e+00    -2.07512045e+00     1.09643980e+03     0.00000000e+00    -2.07512045e+00     0.00000000e+00   
    1.30000000e+01     0.00000000e+00    -2.07513833e+00     1.09643980e+03     0.00000000e+00    -2.07513833e+00     0.00000000e+00   
    1.40000000e+01     0.00000000e+00    -2.07515097e+00     1.09643980e+03     0.00000000e+00    -2.07515097e+00     0.00000000e+00   
    1.50000000e+01     0.00000000e+00    -2.07517004e+00     1.09643980e+03     0.00000000e+00    -2.07517004e+00     0.00000000e+00   
    1.60000000e+01     0.00000000e+00    -2.07518053e+00     1.09643980e+03     0.00000000e+00    -2.07518053e+00     0.00000000e+00   
    1.70000000e+01     0.00000000e+00    -2.07519841e+00     1.09643980e+03     0.00000000e+00    -2.07519841e+00     0.00000000e+00   
    1.80000000e+01     0.00000000e+00    -2.07522917e+00     1.09643980e+03     0.00000000e+00    -2.07522917e+00     0.00000000e+00   
    1.90000000e+01     0.00000000e+00    -2.07524610e+00     1.09643980e+03     0.00000000e+00    -2.07524610e+00     0.00000000e+00   
    2.00000000e+01     0.00000000e+00    -2.07524896e+00     1.09643980e+03     0.00000000e+00    -2.07524896e+00     0.00000000e+00   
    2.10000000e+01     0.00000000e+00    -2.07527590e+00     1.09643980e+03     0.00000000e+00    -2.07527590e+00     0.00000000e+00   
    2.20000000e+01     0.00000000e+00    -2.07528496e+00     1.09643980e+03     0.00000000e+00    -2.07528496e+00     0.00000000e+00   
    2.30000000e+01     0.00000000e+00    -2.07529712e+00     1.09643980e+03     0.00000000e+00    -2.07529712e+00     0.00000000e+00   
    2.40000000e+01     0.00000000e+00    -2.07531238e+00     1.09643980e+03     0.00000000e+00    -2.07531238e+00     0.00000000e+00   
    2.50000000e+01     0.00000000e+00    -2.07532167e+00     1.09643980e+03     0.00000000e+00    -2.07532167e+00     0.00000000e+00   
    2.60000000e+01     0.00000000e+00    -2.07533479e+00     1.09643980e+03     0.00000000e+00    -2.07533479e+00     0.00000000e+00   
    2.70000000e+01     0.00000000e+00    -2.07534218e+00     1.09643980e+03     0.00000000e+00    -2.07534218e+00     0.00000000e+00   
    2.80000000e+01     0.00000000e+00    -2.07535028e+00     1.09643980e+03     0.00000000e+00    -2.07535028e+00     0.00000000e+00   
    2.90000000e+01     0.00000000e+00    -2.07535648e+00     1.09643980e+03     0.00000000e+00    -2.07535648e+00     0.00000000e+00   
    3.00000000e+01     0.00000000e+00    -2.07536173e+00     1.09643980e+03     0.00000000e+00    -2.07536173e+00     0.00000000e+00   
    3.10000000e+01     0.00000000e+00    -2.07536817e+00     1.09643980e+03     0.00000000e+00    -2.07536817e+00     0.00000000e+00   
    3.20000000e+01     0.00000000e+00    -2.07537317e+00     1.09643980e+03     0.00000000e+00    -2.07537317e+00     0.00000000e+00   
    3.30000000e+01     0.00000000e+00    -2.07538009e+00     1.09643980e+03     0.00000000e+00    -2.07538009e+00     0.00000000e+00   
    3.40000000e+01     0.00000000e+00    -2.07538533e+00     1.09643980e+03     0.00000000e+00    -2.07538533e+00     0.00000000e+00   
    3.50000000e+01     0.00000000e+00    -2.07538772e+00     1.09643980e+03     0.00000000e+00    -2.07538772e+00     0.00000000e+00   
