# column   1     --> step : The current simulation time step.
# column   2     --> time : The elapsed simulation time.
# column   3     --> conserved : The value of the conserved energy quantity per bead.
# column   4     --> temperature{kelvin} : The current temperature, as obtained from the MD kinetic energy.
# column   5     --> kinetic_md : The kinetic energy of the (extended) classical system.
# column   6     --> potential : The physical system potential energy.
# column   7     --> pressure_md : The pressure of the (extended) classical system.
    0.00000000e+00     0.00000000e+00    -1.59113092e+01     1.37054975e+02     0.00000000e+00    -1.59113092e+01     0.00000000e+00   
    1.00000000e+00     0.00000000e+00    -1.64264011e+01     1.37054975e+02     0.00000000e+00    -1.64264011e+01     0.00000000e+00   
    2.00000000e+00     0.00000000e+00    -1.65044155e+01     1.37054975e+02     0.00000000e+00    -1.65044155e+01     0.00000000e+00   
    3.00000000e+00     0.00000000e+00    -1.65913906e+01     1.37054975e+02     0.00000000e+00    -1.65913906e+01     0.00000000e+00   
    4.00000000e+00     0.00000000e+00    -1.65999508e+01     1.37054975e+02     0.00000000e+00    -1.65999508e+01     0.00000000e+00   
    5.00000000e+00     0.00000000e+00    -1.66000462e+01     1.37054975e+02     0.00000000e+00    -1.66000462e+01     0.00000000e+00   
    6.00000000e+00     0.00000000e+00    -1.66005726e+01     1.37054975e+02     0.00000000e+00    -1.66005726e+01     0.00000000e+00   
    7.00000000e+00     0.00000000e+00    -1.66006088e+01     1.37054975e+02     0.00000000e+00    -1.66006088e+01     0.00000000e+00   
    8.00000000e+00     0.00000000e+00    -1.66011562e+01     1.37054975e+02     0.00000000e+00    -1.66011562e+01     0.00000000e+00   
    9.00000000e+00     0.00000000e+00    -1.66013832e+01     1.37054975e+02     0.00000000e+00    -1.66013832e+01     0.00000000e+00   
    1.00000000e+01     0.00000000e+00    -1.66014729e+01     1.37054975e+02     0.00000000e+00    -1.66014729e+01     0.00000000e+00   
    1.10000000e+01     0.00000000e+00    -1.66015968e+01     1.37054975e+02     0.00000000e+00    -1.66015968e+01     0.00000000e+00   
    1.20000000e+01     0.00000000e+00    -1.66016712e+01     1.37054975e+02     0.00000000e+00    -1.66016712e+01     0.00000000e+00   
    1.30000000e+01     0.00000000e+00    -1.66018429e+01     1.37054975e+02     0.00000000e+00    -1.66018429e+01     0.00000000e+00   
    1.40000000e+01     0.00000000e+00    -1.66018963e+01     1.37054975e+02     0.00000000e+00    -1.66018963e+01     0.00000000e+00   
    1.50000000e+01     0.00000000e+00    -1.66020699e+01     1.37054975e+02     0.00000000e+00    -1.66020699e+01     0.00000000e+00   
    1.60000000e+01     0.00000000e+00    -1.66021976e+01     1.37054975e+02     0.00000000e+00    -1.66021976e+01     0.00000000e+00   
    1.70000000e+01     0.00000000e+00    -1.66023827e+01     1.37054975e+02     0.00000000e+00    -1.66023827e+01     0.00000000e+00   
    1.80000000e+01     0.00000000e+00    -1.66025562e+01     1.37054975e+02     0.00000000e+00    -1.66025562e+01     0.00000000e+00   
    1.90000000e+01     0.00000000e+00    -1.66026726e+01     1.37054975e+02     0.00000000e+00    -1.66026726e+01     0.00000000e+00   
    2.00000000e+01     0.00000000e+00    -1.66027794e+01     1.37054975e+02     0.00000000e+00    -1.66027794e+01     0.00000000e+00   
    2.10000000e+01     0.00000000e+00    -1.66028690e+01     1.37054975e+02     0.00000000e+00    -1.66028690e+01     0.00000000e+00   
    2.20000000e+01     0.00000000e+00    -1.66029415e+01     1.37054975e+02     0.00000000e+00    -1.66029415e+01     0.00000000e+00   
    2.30000000e+01     0.00000000e+00    -1.66030083e+01     1.37054975e+02     0.00000000e+00    -1.66030083e+01     0.00000000e+00   
    2.40000000e+01     0.00000000e+00    -1.66032181e+01     1.37054975e+02     0.00000000e+00    -1.66032181e+01     0.00000000e+00   
    2.50000000e+01     0.00000000e+00    -1.66032505e+01     1.37054975e+02     0.00000000e+00    -1.66032505e+01     0.00000000e+00   
    2.60000000e+01     0.00000000e+00    -1.66032791e+01     1.37054975e+02     0.00000000e+00    -1.66032791e+01     0.00000000e+00   
    2.70000000e+01     0.00000000e+00    -1.66033688e+01     1.37054975e+02     0.00000000e+00    -1.66033688e+01     0.00000000e+00   
    2.80000000e+01     0.00000000e+00    -1.66034203e+01     1.37054975e+02     0.00000000e+00    -1.66034203e+01     0.00000000e+00   
    2.90000000e+01     0.00000000e+00    -1.66034851e+01     1.37054975e+02     0.00000000e+00    -1.66034851e+01     0.00000000e+00   
    3.00000000e+01     0.00000000e+00    -1.66034870e+01     1.37054975e+02     0.00000000e+00    -1.66034870e+01     0.00000000e+00   
