# column   1     --> step : The current simulation time step.
# column   2     --> time : The elapsed simulation time.
# column   3     --> conserved : The value of the conserved energy quantity per bead.
# column   4     --> temperature{kelvin} : The current temperature, as obtained from the MD kinetic energy.
# column   5     --> kinetic_md : The kinetic energy of the (extended) classical system.
# column   6     --> potential : The physical system potential energy.
# column   7     --> pressure_md : The pressure of the (extended) classical system.
    0.00000000e+00     0.00000000e+00    -3.97622466e+00     5.48219900e+02     0.00000000e+00    -3.97622466e+00     0.00000000e+00   
    1.00000000e+00     0.00000000e+00    -4.05853701e+00     5.48219900e+02     0.00000000e+00    -4.05853701e+00     0.00000000e+00   
    2.00000000e+00     0.00000000e+00    -4.12546444e+00     5.48219900e+02     0.00000000e+00    -4.12546444e+00     0.00000000e+00   
    3.00000000e+00     0.00000000e+00    -4.13819647e+00     5.48219900e+02     0.00000000e+00    -4.13819647e+00     0.00000000e+00   
    4.00000000e+00     0.00000000e+00    -4.14763784e+00     5.48219900e+02     0.00000000e+00    -4.14763784e+00     0.00000000e+00   
    5.00000000e+00     0.00000000e+00    -4.14841461e+00     5.48219900e+02     0.00000000e+00    -4.14841461e+00     0.00000000e+00   
    6.00000000e+00     0.00000000e+00    -4.14845467e+00     5.48219900e+02     0.00000000e+00    -4.14845467e+00     0.00000000e+00   
    7.00000000e+00     0.00000000e+00    -4.14854383e+00     5.48219900e+02     0.00000000e+00    -4.14854383e+00     0.00000000e+00   
    8.00000000e+00     0.00000000e+00    -4.14855289e+00     5.48219900e+02     0.00000000e+00    -4.14855289e+00     0.00000000e+00   
    9.00000000e+00     0.00000000e+00    -4.14866924e+00     5.48219900e+02     0.00000000e+00    -4.14866924e+00     0.00000000e+00   
    1.00000000e+01     0.00000000e+00    -4.14871645e+00     5.48219900e+02     0.00000000e+00    -4.14871645e+00     0.00000000e+00   
    1.10000000e+01     0.00000000e+00    -4.14872742e+00     5.48219900e+02     0.00000000e+00    -4.14872742e+00     0.00000000e+00   
    1.20000000e+01     0.00000000e+00    -4.14878321e+00     5.48219900e+02     0.00000000e+00    -4.14878321e+00     0.00000000e+00   
    1.30000000e+01     0.00000000e+00    -4.14879990e+00     5.48219900e+02     0.00000000e+00    -4.14879990e+00     0.00000000e+00   
    1.40000000e+01     0.00000000e+00    -4.14883757e+00     5.48219900e+02     0.00000000e+00    -4.14883757e+00     0.00000000e+00   
    1.50000000e+01     0.00000000e+00    -4.14887333e+00     5.48219900e+02     0.00000000e+00    -4.14887333e+00     0.00000000e+00   
    1.60000000e+01     0.00000000e+00    -4.14892483e+00     5.48219900e+02     0.00000000e+00    -4.14892483e+00     0.00000000e+00   
    1.70000000e+01     0.00000000e+00    -4.14897585e+00     5.48219900e+02     0.00000000e+00    -4.14897585e+00     0.00000000e+00   
    1.80000000e+01     0.00000000e+00    -4.14900589e+00     5.48219900e+02     0.00000000e+00    -4.14900589e+00     0.00000000e+00   
    1.90000000e+01     0.00000000e+00    -4.14903641e+00     5.48219900e+02     0.00000000e+00    -4.14903641e+00     0.00000000e+00   
    2.00000000e+01     0.00000000e+00    -4.14905739e+00     5.48219900e+02     0.00000000e+00    -4.14905739e+00     0.00000000e+00   
    2.10000000e+01     0.00000000e+00    -4.14908075e+00     5.48219900e+02     0.00000000e+00    -4.14908075e+00     0.00000000e+00   
    2.20000000e+01     0.00000000e+00    -4.14911318e+00     5.48219900e+02     0.00000000e+00    -4.14911318e+00     0.00000000e+00   
    2.30000000e+01     0.00000000e+00    -4.14913273e+00     5.48219900e+02     0.00000000e+00    -4.14913273e+00     0.00000000e+00   
    2.40000000e+01     0.00000000e+00    -4.14914513e+00     5.48219900e+02     0.00000000e+00    -4.14914513e+00     0.00000000e+00   
    2.50000000e+01     0.00000000e+00    -4.14917135e+00     5.48219900e+02     0.00000000e+00    -4.14917135e+00     0.00000000e+00   
    2.60000000e+01     0.00000000e+00    -4.14917707e+00     5.48219900e+02     0.00000000e+00    -4.14917707e+00     0.00000000e+00   
    2.70000000e+01     0.00000000e+00    -4.14919424e+00     5.48219900e+02     0.00000000e+00    -4.14919424e+00     0.00000000e+00   
    2.80000000e+01     0.00000000e+00    -4.14920330e+00     5.48219900e+02     0.00000000e+00    -4.14920330e+00     0.00000000e+00   
    2.90000000e+01     0.00000000e+00    -4.14921236e+00     5.48219900e+02     0.00000000e+00    -4.14921236e+00     0.00000000e+00   
    3.00000000e+01     0.00000000e+00    -4.14922047e+00     5.48219900e+02     0.00000000e+00    -4.14922047e+00     0.00000000e+00   
    3.10000000e+01     0.00000000e+00    -4.14922953e+00     5.48219900e+02     0.00000000e+00    -4.14922953e+00     0.00000000e+00   
    3.20000000e+01     0.00000000e+00    -4.14923906e+00     5.48219900e+02     0.00000000e+00    -4.14923906e+00     0.00000000e+00   
    3.30000000e+01     0.00000000e+00    -4.14924431e+00     5.48219900e+02     0.00000000e+00    -4.14924431e+00     0.00000000e+00   
    3.40000000e+01     0.00000000e+00    -4.14925718e+00     5.48219900e+02     0.00000000e+00    -4.14925718e+00     0.00000000e+00   
    3.50000000e+01     0.00000000e+00    -4.14926052e+00     5.48219900e+02     0.00000000e+00    -4.14926052e+00     0.00000000e+00   
