# column   1     --> step : The current simulation time step.
# column   2     --> time : The elapsed simulation time.
# column   3     --> conserved : The value of the conserved energy quantity per bead.
# column   4     --> temperature{kelvin} : The current temperature, as obtained from the MD kinetic energy.
# column   5     --> kinetic_md : The kinetic energy of the (extended) classical system.
# column   6     --> potential : The physical system potential energy.
# column   7     --> pressure_md : The pressure of the (extended) classical system.
    0.00000000e+00     0.00000000e+00    -1.98898399e+00     1.09643980e+03     0.00000000e+00    -1.98898399e+00     0.00000000e+00   
    1.00000000e+00     0.00000000e+00    -2.05521417e+00     1.09643980e+03     0.00000000e+00    -2.05521417e+00     0.00000000e+00   
    2.00000000e+00     0.00000000e+00    -2.06332469e+00     1.09643980e+03     0.00000000e+00    -2.06332469e+00     0.00000000e+00   
    3.00000000e+00     0.00000000e+00    -2.07508969e+00     1.09643980e+03     0.00000000e+00    -2.07508969e+00     0.00000000e+00   
    4.00000000e+00     0.00000000e+00    -2.07512689e+00     1.09643980e+03     0.00000000e+00    -2.07512689e+00     0.00000000e+00   
    5.00000000e+00     0.00000000e+00    -2.07514191e+00     1.09643980e+03     0.00000000e+00    -2.07514191e+00     0.00000000e+00   
    6.00000000e+00     0.00000000e+00    -2.07515860e+00     1.09643980e+03     0.00000000e+00    -2.07515860e+00     0.00000000e+00   
    7.00000000e+00     0.00000000e+00    -2.07520270e+00     1.09643980e+03     0.00000000e+00    -2.07520270e+00     0.00000000e+00   
    8.00000000e+00     0.00000000e+00    -2.07522178e+00     1.09643980e+03     0.00000000e+00    -2.07522178e+00     0.00000000e+00   
    9.00000000e+00     0.00000000e+00    -2.07524776e+00     1.09643980e+03     0.00000000e+00    -2.07524776e+00     0.00000000e+00   
    1.00000000e+01     0.00000000e+00    -2.07526064e+00     1.09643980e+03     0.00000000e+00    -2.07526064e+00     0.00000000e+00   
    1.10000000e+01     0.00000000e+00    -2.07527232e+00     1.09643980e+03     0.00000000e+00    -2.07527232e+00     0.00000000e+00   
    1.20000000e+01     0.00000000e+00    -2.07529187e+00     1.09643980e+03     0.00000000e+00    -2.07529187e+00     0.00000000e+00   
    1.30000000e+01     0.00000000e+00    -2.07530880e+00     1.09643980e+03     0.00000000e+00    -2.07530880e+00     0.00000000e+00   
    1.40000000e+01     0.00000000e+00    -2.07532120e+00     1.09643980e+03     0.00000000e+00    -2.07532120e+00     0.00000000e+00   
    1.50000000e+01     0.00000000e+00    -2.07533979e+00     1.09643980e+03     0.00000000e+00    -2.07533979e+00     0.00000000e+00   
    1.60000000e+01     0.00000000e+00    -2.07535195e+00     1.09643980e+03     0.00000000e+00    -2.07535195e+00     0.00000000e+00   
    1.70000000e+01     0.00000000e+00    -2.07536936e+00     1.09643980e+03     0.00000000e+00    -2.07536936e+00     0.00000000e+00   
    1.80000000e+01     0.00000000e+00    -2.07540226e+00     1.09643980e+03     0.00000000e+00    -2.07540226e+00     0.00000000e+00   
    1.90000000e+01     0.00000000e+00    -2.07541728e+00     1.09643980e+03     0.00000000e+00    -2.07541728e+00     0.00000000e+00   
    2.00000000e+01     0.00000000e+00    -2.07542491e+00     1.09643980e+03     0.00000000e+00    -2.07542491e+00     0.00000000e+00   
    2.10000000e+01     0.00000000e+00    -2.07544565e+00     1.09643980e+03     0.00000000e+00    -2.07544565e+00     0.00000000e+00   
    2.20000000e+01     0.00000000e+00    -2.07545519e+00     1.09643980e+03     0.00000000e+00    -2.07545519e+00     0.00000000e+00   
    2.30000000e+01     0.00000000e+00    -2.07546878e+00     1.09643980e+03     0.00000000e+00    -2.07546878e+00     0.00000000e+00   
    2.40000000e+01     0.00000000e+00    -2.07548451e+00     1.09643980e+03     0.00000000e+00    -2.07548451e+00     0.00000000e+00   
    2.50000000e+01     0.00000000e+00    -2.07549763e+00     1.09643980e+03     0.00000000e+00    -2.07549763e+00     0.00000000e+00   
    2.60000000e+01     0.00000000e+00    -2.07550359e+00     1.09643980e+03     0.00000000e+00    -2.07550359e+00     0.00000000e+00   
    2.70000000e+01     0.00000000e+00    -2.07551146e+00     1.09643980e+03     0.00000000e+00    -2.07551146e+00     0.00000000e+00   
    2.80000000e+01     0.00000000e+00    -2.07551980e+00     1.09643980e+03     0.00000000e+00    -2.07551980e+00     0.00000000e+00   
    2.90000000e+01     0.00000000e+00    -2.07552409e+00     1.09643980e+03     0.00000000e+00    -2.07552409e+00     0.00000000e+00   
    3.00000000e+01     0.00000000e+00    -2.07553172e+00     1.09643980e+03     0.00000000e+00    -2.07553172e+00     0.00000000e+00   
    3.10000000e+01     0.00000000e+00    -2.07553577e+00     1.09643980e+03     0.00000000e+00    -2.07553577e+00     0.00000000e+00   
    3.20000000e+01     0.00000000e+00    -2.07554269e+00     1.09643980e+03     0.00000000e+00    -2.07554269e+00     0.00000000e+00   
    3.30000000e+01     0.00000000e+00    -2.07555008e+00     1.09643980e+03     0.00000000e+00    -2.07555008e+00     0.00000000e+00   
    3.40000000e+01     0.00000000e+00    -2.07555389e+00     1.09643980e+03     0.00000000e+00    -2.07555389e+00     0.00000000e+00   
    3.50000000e+01     0.00000000e+00    -2.07555866e+00     1.09643980e+03     0.00000000e+00    -2.07555866e+00     0.00000000e+00   
    3.60000000e+01     0.00000000e+00    -2.07556009e+00     1.09643980e+03     0.00000000e+00    -2.07556009e+00     0.00000000e+00   
    3.70000000e+01     0.00000000e+00    -2.07556343e+00     1.09643980e+03     0.00000000e+00    -2.07556343e+00     0.00000000e+00   
    3.80000000e+01     0.00000000e+00    -2.07557058e+00     1.09643980e+03     0.00000000e+00    -2.07557058e+00     0.00000000e+00   
    3.90000000e+01     0.00000000e+00    -2.07557464e+00     1.09643980e+03     0.00000000e+00    -2.07557464e+00     0.00000000e+00   
    4.00000000e+01     0.00000000e+00    -2.07557893e+00     1.09643980e+03     0.00000000e+00    -2.07557893e+00     0.00000000e+00   
    4.10000000e+01     0.00000000e+00    -2.07558274e+00     1.09643980e+03     0.00000000e+00    -2.07558274e+00     0.00000000e+00   
    4.20000000e+01     0.00000000e+00    -2.07558370e+00     1.09643980e+03     0.00000000e+00    -2.07558370e+00     0.00000000e+00   
    4.30000000e+01     0.00000000e+00    -2.07558680e+00     1.09643980e+03     0.00000000e+00    -2.07558680e+00     0.00000000e+00   
    4.40000000e+01     0.00000000e+00    -2.07558990e+00     1.09643980e+03     0.00000000e+00    -2.07558990e+00     0.00000000e+00   
    4.50000000e+01     0.00000000e+00    -2.07559204e+00     1.09643980e+03     0.00000000e+00    -2.07559204e+00     0.00000000e+00   
