# column   1     --> step : The current simulation time step.
# column   2     --> time : The elapsed simulation time.
# column   3     --> conserved : The value of the conserved energy quantity per bead.
# column   4     --> temperature{kelvin} : The current temperature, as obtained from the MD kinetic energy.
# column   5     --> kinetic_md : The kinetic energy of the (extended) classical system.
# column   6     --> potential : The physical system potential energy.
# column   7     --> pressure_md : The pressure of the (extended) classical system.
    0.00000000e+00     0.00000000e+00    -7.45763063e+00     2.92383946e+02     0.00000000e+00    -7.45763063e+00     0.00000000e+00   
    1.00000000e+00     0.00000000e+00    -7.69697237e+00     2.92383946e+02     0.00000000e+00    -7.69697237e+00     0.00000000e+00   
    2.00000000e+00     0.00000000e+00    -7.73683214e+00     2.92383946e+02     0.00000000e+00    -7.73683214e+00     0.00000000e+00   
    3.00000000e+00     0.00000000e+00    -7.77336407e+00     2.92383946e+02     0.00000000e+00    -7.77336407e+00     0.00000000e+00   
    4.00000000e+00     0.00000000e+00    -7.78050470e+00     2.92383946e+02     0.00000000e+00    -7.78050470e+00     0.00000000e+00   
    5.00000000e+00     0.00000000e+00    -7.78064919e+00     2.92383946e+02     0.00000000e+00    -7.78064919e+00     0.00000000e+00   
    6.00000000e+00     0.00000000e+00    -7.78081846e+00     2.92383946e+02     0.00000000e+00    -7.78081846e+00     0.00000000e+00   
    7.00000000e+00     0.00000000e+00    -7.78084421e+00     2.92383946e+02     0.00000000e+00    -7.78084421e+00     0.00000000e+00   
    8.00000000e+00     0.00000000e+00    -7.78106308e+00     2.92383946e+02     0.00000000e+00    -7.78106308e+00     0.00000000e+00   
    9.00000000e+00     0.00000000e+00    -7.78111553e+00     2.92383946e+02     0.00000000e+00    -7.78111553e+00     0.00000000e+00   
    1.00000000e+01     0.00000000e+00    -7.78117943e+00     2.92383946e+02     0.00000000e+00    -7.78117943e+00     0.00000000e+00   
    1.10000000e+01     0.00000000e+00    -7.78123140e+00     2.92383946e+02     0.00000000e+00    -7.78123140e+00     0.00000000e+00   
    1.20000000e+01     0.00000000e+00    -7.78128481e+00     2.92383946e+02     0.00000000e+00    -7.78128481e+00     0.00000000e+00   
    1.30000000e+01     0.00000000e+00    -7.78134680e+00     2.92383946e+02     0.00000000e+00    -7.78134680e+00     0.00000000e+00   
    1.40000000e+01     0.00000000e+00    -7.78143406e+00     2.92383946e+02     0.00000000e+00    -7.78143406e+00     0.00000000e+00   
    1.50000000e+01     0.00000000e+00    -7.78149605e+00     2.92383946e+02     0.00000000e+00    -7.78149605e+00     0.00000000e+00   
    1.60000000e+01     0.00000000e+00    -7.78154516e+00     2.92383946e+02     0.00000000e+00    -7.78154516e+00     0.00000000e+00   
    1.70000000e+01     0.00000000e+00    -7.78161144e+00     2.92383946e+02     0.00000000e+00    -7.78161144e+00     0.00000000e+00   
    1.80000000e+01     0.00000000e+00    -7.78170776e+00     2.92383946e+02     0.00000000e+00    -7.78170776e+00     0.00000000e+00   
    1.90000000e+01     0.00000000e+00    -7.78177023e+00     2.92383946e+02     0.00000000e+00    -7.78177023e+00     0.00000000e+00   
    2.00000000e+01     0.00000000e+00    -7.78188944e+00     2.92383946e+02     0.00000000e+00    -7.78188944e+00     0.00000000e+00   
    2.10000000e+01     0.00000000e+00    -7.78192282e+00     2.92383946e+02     0.00000000e+00    -7.78192282e+00     0.00000000e+00   
    2.20000000e+01     0.00000000e+00    -7.78196335e+00     2.92383946e+02     0.00000000e+00    -7.78196335e+00     0.00000000e+00   
    2.30000000e+01     0.00000000e+00    -7.78201675e+00     2.92383946e+02     0.00000000e+00    -7.78201675e+00     0.00000000e+00   
    2.40000000e+01     0.00000000e+00    -7.78206921e+00     2.92383946e+02     0.00000000e+00    -7.78206921e+00     0.00000000e+00   
    2.50000000e+01     0.00000000e+00    -7.78213930e+00     2.92383946e+02     0.00000000e+00    -7.78213930e+00     0.00000000e+00   
    2.60000000e+01     0.00000000e+00    -7.78217459e+00     2.92383946e+02     0.00000000e+00    -7.78217459e+00     0.00000000e+00   
    2.70000000e+01     0.00000000e+00    -7.78220081e+00     2.92383946e+02     0.00000000e+00    -7.78220081e+00     0.00000000e+00   
    2.80000000e+01     0.00000000e+00    -7.78222466e+00     2.92383946e+02     0.00000000e+00    -7.78222466e+00     0.00000000e+00   
    2.90000000e+01     0.00000000e+00    -7.78225517e+00     2.92383946e+02     0.00000000e+00    -7.78225517e+00     0.00000000e+00   
    3.00000000e+01     0.00000000e+00    -7.78227186e+00     2.92383946e+02     0.00000000e+00    -7.78227186e+00     0.00000000e+00   
    3.10000000e+01     0.00000000e+00    -7.78228998e+00     2.92383946e+02     0.00000000e+00    -7.78228998e+00     0.00000000e+00   
    3.20000000e+01     0.00000000e+00    -7.78230286e+00     2.92383946e+02     0.00000000e+00    -7.78230286e+00     0.00000000e+00   
    3.30000000e+01     0.00000000e+00    -7.78232956e+00     2.92383946e+02     0.00000000e+00    -7.78232956e+00     0.00000000e+00   
    3.40000000e+01     0.00000000e+00    -7.78235674e+00     2.92383946e+02     0.00000000e+00    -7.78235674e+00     0.00000000e+00   
    3.50000000e+01     0.00000000e+00    -7.78236723e+00     2.92383946e+02     0.00000000e+00    -7.78236723e+00     0.00000000e+00   
    3.60000000e+01     0.00000000e+00    -7.78237772e+00     2.92383946e+02     0.00000000e+00    -7.78237772e+00     0.00000000e+00   
    3.70000000e+01     0.00000000e+00    -7.78238487e+00     2.92383946e+02     0.00000000e+00    -7.78238487e+00     0.00000000e+00   
    3.80000000e+01     0.00000000e+00    -7.78240299e+00     2.92383946e+02     0.00000000e+00    -7.78240299e+00     0.00000000e+00   
    3.90000000e+01     0.00000000e+00    -7.78240919e+00     2.92383946e+02     0.00000000e+00    -7.78240919e+00     0.00000000e+00   
    4.00000000e+01     0.00000000e+00    -7.78242779e+00     2.92383946e+02     0.00000000e+00    -7.78242779e+00     0.00000000e+00   
    4.10000000e+01     0.00000000e+00    -7.78243399e+00     2.92383946e+02     0.00000000e+00    -7.78243399e+00     0.00000000e+00   
    4.20000000e+01     0.00000000e+00    -7.78244066e+00     2.92383946e+02     0.00000000e+00    -7.78244066e+00     0.00000000e+00   
    4.30000000e+01     0.00000000e+00    -7.78244925e+00     2.92383946e+02     0.00000000e+00    -7.78244925e+00     0.00000000e+00   
    4.40000000e+01     0.00000000e+00    -7.78245640e+00     2.92383946e+02     0.00000000e+00    -7.78245640e+00     0.00000000e+00   
    4.50000000e+01     0.00000000e+00    -7.78246880e+00     2.92383946e+02     0.00000000e+00    -7.78246880e+00     0.00000000e+00   
    4.60000000e+01     0.00000000e+00    -7.78247499e+00     2.92383946e+02     0.00000000e+00    -7.78247499e+00     0.00000000e+00   
    4.70000000e+01     0.00000000e+00    -7.78248405e+00     2.92383946e+02     0.00000000e+00    -7.78248405e+00     0.00000000e+00   
    4.80000000e+01     0.00000000e+00    -7.78248739e+00     2.92383946e+02     0.00000000e+00    -7.78248739e+00     0.00000000e+00   
    4.90000000e+01     0.00000000e+00    -7.78249645e+00     2.92383946e+02     0.00000000e+00    -7.78249645e+00     0.00000000e+00   
    5.00000000e+01     0.00000000e+00    -7.78250408e+00     2.92383946e+02     0.00000000e+00    -7.78250408e+00     0.00000000e+00   
