# column   1     --> step : The current simulation time step.
# column   2     --> time : The elapsed simulation time.
# column   3     --> conserved : The value of the conserved energy quantity per bead.
# column   4     --> temperature{kelvin} : The current temperature, as obtained from the MD kinetic energy.
# column   5     --> kinetic_md : The kinetic energy of the (extended) classical system.
# column   6     --> potential : The physical system potential energy.
# column   7     --> pressure_md : The pressure of the (extended) classical system.
    0.00000000e+00     0.00000000e+00    -7.45943689e+00     2.92383946e+02     0.00000000e+00    -7.45943689e+00     0.00000000e+00   
    1.00000000e+00     0.00000000e+00    -7.69868946e+00     2.92383946e+02     0.00000000e+00    -7.69868946e+00     0.00000000e+00   
    2.00000000e+00     0.00000000e+00    -7.73866701e+00     2.92383946e+02     0.00000000e+00    -7.73866701e+00     0.00000000e+00   
    3.00000000e+00     0.00000000e+00    -7.77539682e+00     2.92383946e+02     0.00000000e+00    -7.77539682e+00     0.00000000e+00   
    4.00000000e+00     0.00000000e+00    -7.78252363e+00     2.92383946e+02     0.00000000e+00    -7.78252363e+00     0.00000000e+00   
    5.00000000e+00     0.00000000e+00    -7.78265047e+00     2.92383946e+02     0.00000000e+00    -7.78265047e+00     0.00000000e+00   
    6.00000000e+00     0.00000000e+00    -7.78281975e+00     2.92383946e+02     0.00000000e+00    -7.78281975e+00     0.00000000e+00   
    7.00000000e+00     0.00000000e+00    -7.78284121e+00     2.92383946e+02     0.00000000e+00    -7.78284121e+00     0.00000000e+00   
    8.00000000e+00     0.00000000e+00    -7.78304625e+00     2.92383946e+02     0.00000000e+00    -7.78304625e+00     0.00000000e+00   
    9.00000000e+00     0.00000000e+00    -7.78310204e+00     2.92383946e+02     0.00000000e+00    -7.78310204e+00     0.00000000e+00   
    1.00000000e+01     0.00000000e+00    -7.78316784e+00     2.92383946e+02     0.00000000e+00    -7.78316784e+00     0.00000000e+00   
    1.10000000e+01     0.00000000e+00    -7.78321552e+00     2.92383946e+02     0.00000000e+00    -7.78321552e+00     0.00000000e+00   
    1.20000000e+01     0.00000000e+00    -7.78326178e+00     2.92383946e+02     0.00000000e+00    -7.78326178e+00     0.00000000e+00   
    1.30000000e+01     0.00000000e+00    -7.78331232e+00     2.92383946e+02     0.00000000e+00    -7.78331232e+00     0.00000000e+00   
    1.40000000e+01     0.00000000e+00    -7.78339052e+00     2.92383946e+02     0.00000000e+00    -7.78339052e+00     0.00000000e+00   
    1.50000000e+01     0.00000000e+00    -7.78347635e+00     2.92383946e+02     0.00000000e+00    -7.78347635e+00     0.00000000e+00   
    1.60000000e+01     0.00000000e+00    -7.78350830e+00     2.92383946e+02     0.00000000e+00    -7.78350830e+00     0.00000000e+00   
    1.70000000e+01     0.00000000e+00    -7.78360128e+00     2.92383946e+02     0.00000000e+00    -7.78360128e+00     0.00000000e+00   
    1.80000000e+01     0.00000000e+00    -7.78366756e+00     2.92383946e+02     0.00000000e+00    -7.78366756e+00     0.00000000e+00   
    1.90000000e+01     0.00000000e+00    -7.78375244e+00     2.92383946e+02     0.00000000e+00    -7.78375244e+00     0.00000000e+00   
    2.00000000e+01     0.00000000e+00    -7.78381062e+00     2.92383946e+02     0.00000000e+00    -7.78381062e+00     0.00000000e+00   
    2.10000000e+01     0.00000000e+00    -7.78385258e+00     2.92383946e+02     0.00000000e+00    -7.78385258e+00     0.00000000e+00   
    2.20000000e+01     0.00000000e+00    -7.78386974e+00     2.92383946e+02     0.00000000e+00    -7.78386974e+00     0.00000000e+00   
    2.30000000e+01     0.00000000e+00    -7.78396225e+00     2.92383946e+02     0.00000000e+00    -7.78396225e+00     0.00000000e+00   
    2.40000000e+01     0.00000000e+00    -7.78400135e+00     2.92383946e+02     0.00000000e+00    -7.78400135e+00     0.00000000e+00   
    2.50000000e+01     0.00000000e+00    -7.78403902e+00     2.92383946e+02     0.00000000e+00    -7.78403902e+00     0.00000000e+00   
    2.60000000e+01     0.00000000e+00    -7.78406334e+00     2.92383946e+02     0.00000000e+00    -7.78406334e+00     0.00000000e+00   
    2.70000000e+01     0.00000000e+00    -7.78408527e+00     2.92383946e+02     0.00000000e+00    -7.78408527e+00     0.00000000e+00   
    2.80000000e+01     0.00000000e+00    -7.78410864e+00     2.92383946e+02     0.00000000e+00    -7.78410864e+00     0.00000000e+00   
    2.90000000e+01     0.00000000e+00    -7.78412819e+00     2.92383946e+02     0.00000000e+00    -7.78412819e+00     0.00000000e+00   
    3.00000000e+01     0.00000000e+00    -7.78414917e+00     2.92383946e+02     0.00000000e+00    -7.78414917e+00     0.00000000e+00   
    3.10000000e+01     0.00000000e+00    -7.78415775e+00     2.92383946e+02     0.00000000e+00    -7.78415775e+00     0.00000000e+00   
    3.20000000e+01     0.00000000e+00    -7.78417253e+00     2.92383946e+02     0.00000000e+00    -7.78417253e+00     0.00000000e+00   
    3.30000000e+01     0.00000000e+00    -7.78419685e+00     2.92383946e+02     0.00000000e+00    -7.78419685e+00     0.00000000e+00   
    3.40000000e+01     0.00000000e+00    -7.78420877e+00     2.92383946e+02     0.00000000e+00    -7.78420877e+00     0.00000000e+00   
    3.50000000e+01     0.00000000e+00    -7.78421688e+00     2.92383946e+02     0.00000000e+00    -7.78421688e+00     0.00000000e+00   
    3.60000000e+01     0.00000000e+00    -7.78422880e+00     2.92383946e+02     0.00000000e+00    -7.78422880e+00     0.00000000e+00   
    3.70000000e+01     0.00000000e+00    -7.78424501e+00     2.92383946e+02     0.00000000e+00    -7.78424501e+00     0.00000000e+00   
    3.80000000e+01     0.00000000e+00    -7.78425980e+00     2.92383946e+02     0.00000000e+00    -7.78425980e+00     0.00000000e+00   
    3.90000000e+01     0.00000000e+00    -7.78426552e+00     2.92383946e+02     0.00000000e+00    -7.78426552e+00     0.00000000e+00   
    4.00000000e+01     0.00000000e+00    -7.78427553e+00     2.92383946e+02     0.00000000e+00    -7.78427553e+00     0.00000000e+00   
    4.10000000e+01     0.00000000e+00    -7.78428507e+00     2.92383946e+02     0.00000000e+00    -7.78428507e+00     0.00000000e+00   
    4.20000000e+01     0.00000000e+00    -7.78430653e+00     2.92383946e+02     0.00000000e+00    -7.78430653e+00     0.00000000e+00   
    4.30000000e+01     0.00000000e+00    -7.78430843e+00     2.92383946e+02     0.00000000e+00    -7.78430843e+00     0.00000000e+00   
    4.40000000e+01     0.00000000e+00    -7.78432560e+00     2.92383946e+02     0.00000000e+00    -7.78432560e+00     0.00000000e+00   
