# column   1     --> step : The current simulation time step.
# column   2     --> time : The elapsed simulation time.
# column   3     --> conserved : The value of the conserved energy quantity per bead.
# column   4     --> temperature{kelvin} : The current temperature, as obtained from the MD kinetic energy.
# column   5     --> kinetic_md : The kinetic energy of the (extended) classical system.
# column   6     --> potential : The physical system potential energy.
# column   7     --> pressure_md : The pressure of the (extended) classical system.
    0.00000000e+00     0.00000000e+00    -7.45855045e+00     2.92383946e+02     0.00000000e+00    -7.45855045e+00     0.00000000e+00   
    1.00000000e+00     0.00000000e+00    -7.69782400e+00     2.92383946e+02     0.00000000e+00    -7.69782400e+00     0.00000000e+00   
    2.00000000e+00     0.00000000e+00    -7.73770094e+00     2.92383946e+02     0.00000000e+00    -7.73770094e+00     0.00000000e+00   
    3.00000000e+00     0.00000000e+00    -7.77421904e+00     2.92383946e+02     0.00000000e+00    -7.77421904e+00     0.00000000e+00   
    4.00000000e+00     0.00000000e+00    -7.78136444e+00     2.92383946e+02     0.00000000e+00    -7.78136444e+00     0.00000000e+00   
    5.00000000e+00     0.00000000e+00    -7.78150988e+00     2.92383946e+02     0.00000000e+00    -7.78150988e+00     0.00000000e+00   
    6.00000000e+00     0.00000000e+00    -7.78167343e+00     2.92383946e+02     0.00000000e+00    -7.78167343e+00     0.00000000e+00   
    7.00000000e+00     0.00000000e+00    -7.78170490e+00     2.92383946e+02     0.00000000e+00    -7.78170490e+00     0.00000000e+00   
    8.00000000e+00     0.00000000e+00    -7.78191710e+00     2.92383946e+02     0.00000000e+00    -7.78191710e+00     0.00000000e+00   
    9.00000000e+00     0.00000000e+00    -7.78196907e+00     2.92383946e+02     0.00000000e+00    -7.78196907e+00     0.00000000e+00   
    1.00000000e+01     0.00000000e+00    -7.78203249e+00     2.92383946e+02     0.00000000e+00    -7.78203249e+00     0.00000000e+00   
    1.10000000e+01     0.00000000e+00    -7.78207970e+00     2.92383946e+02     0.00000000e+00    -7.78207970e+00     0.00000000e+00   
    1.20000000e+01     0.00000000e+00    -7.78214073e+00     2.92383946e+02     0.00000000e+00    -7.78214073e+00     0.00000000e+00   
    1.30000000e+01     0.00000000e+00    -7.78219748e+00     2.92383946e+02     0.00000000e+00    -7.78219748e+00     0.00000000e+00   
    1.40000000e+01     0.00000000e+00    -7.78228712e+00     2.92383946e+02     0.00000000e+00    -7.78228712e+00     0.00000000e+00   
    1.50000000e+01     0.00000000e+00    -7.78233385e+00     2.92383946e+02     0.00000000e+00    -7.78233385e+00     0.00000000e+00   
    1.60000000e+01     0.00000000e+00    -7.78239202e+00     2.92383946e+02     0.00000000e+00    -7.78239202e+00     0.00000000e+00   
    1.70000000e+01     0.00000000e+00    -7.78244400e+00     2.92383946e+02     0.00000000e+00    -7.78244400e+00     0.00000000e+00   
    1.80000000e+01     0.00000000e+00    -7.78253317e+00     2.92383946e+02     0.00000000e+00    -7.78253317e+00     0.00000000e+00   
    1.90000000e+01     0.00000000e+00    -7.78266335e+00     2.92383946e+02     0.00000000e+00    -7.78266335e+00     0.00000000e+00   
    2.00000000e+01     0.00000000e+00    -7.78272057e+00     2.92383946e+02     0.00000000e+00    -7.78272057e+00     0.00000000e+00   
    2.10000000e+01     0.00000000e+00    -7.78277349e+00     2.92383946e+02     0.00000000e+00    -7.78277349e+00     0.00000000e+00   
    2.20000000e+01     0.00000000e+00    -7.78281736e+00     2.92383946e+02     0.00000000e+00    -7.78281736e+00     0.00000000e+00   
    2.30000000e+01     0.00000000e+00    -7.78285122e+00     2.92383946e+02     0.00000000e+00    -7.78285122e+00     0.00000000e+00   
    2.40000000e+01     0.00000000e+00    -7.78293848e+00     2.92383946e+02     0.00000000e+00    -7.78293848e+00     0.00000000e+00   
    2.50000000e+01     0.00000000e+00    -7.78298235e+00     2.92383946e+02     0.00000000e+00    -7.78298235e+00     0.00000000e+00   
    2.60000000e+01     0.00000000e+00    -7.78301954e+00     2.92383946e+02     0.00000000e+00    -7.78301954e+00     0.00000000e+00   
    2.70000000e+01     0.00000000e+00    -7.78305483e+00     2.92383946e+02     0.00000000e+00    -7.78305483e+00     0.00000000e+00   
    2.80000000e+01     0.00000000e+00    -7.78307533e+00     2.92383946e+02     0.00000000e+00    -7.78307533e+00     0.00000000e+00   
    2.90000000e+01     0.00000000e+00    -7.78309727e+00     2.92383946e+02     0.00000000e+00    -7.78309727e+00     0.00000000e+00   
    3.00000000e+01     0.00000000e+00    -7.78312588e+00     2.92383946e+02     0.00000000e+00    -7.78312588e+00     0.00000000e+00   
    3.10000000e+01     0.00000000e+00    -7.78313541e+00     2.92383946e+02     0.00000000e+00    -7.78313541e+00     0.00000000e+00   
    3.20000000e+01     0.00000000e+00    -7.78315115e+00     2.92383946e+02     0.00000000e+00    -7.78315115e+00     0.00000000e+00   
    3.30000000e+01     0.00000000e+00    -7.78316641e+00     2.92383946e+02     0.00000000e+00    -7.78316641e+00     0.00000000e+00   
    3.40000000e+01     0.00000000e+00    -7.78319263e+00     2.92383946e+02     0.00000000e+00    -7.78319263e+00     0.00000000e+00   
    3.50000000e+01     0.00000000e+00    -7.78321075e+00     2.92383946e+02     0.00000000e+00    -7.78321075e+00     0.00000000e+00   
    3.60000000e+01     0.00000000e+00    -7.78322172e+00     2.92383946e+02     0.00000000e+00    -7.78322172e+00     0.00000000e+00   
    3.70000000e+01     0.00000000e+00    -7.78322506e+00     2.92383946e+02     0.00000000e+00    -7.78322506e+00     0.00000000e+00   
    3.80000000e+01     0.00000000e+00    -7.78324318e+00     2.92383946e+02     0.00000000e+00    -7.78324318e+00     0.00000000e+00   
    3.90000000e+01     0.00000000e+00    -7.78325939e+00     2.92383946e+02     0.00000000e+00    -7.78325939e+00     0.00000000e+00   
    4.00000000e+01     0.00000000e+00    -7.78326893e+00     2.92383946e+02     0.00000000e+00    -7.78326893e+00     0.00000000e+00   
    4.10000000e+01     0.00000000e+00    -7.78327417e+00     2.92383946e+02     0.00000000e+00    -7.78327417e+00     0.00000000e+00   
    4.20000000e+01     0.00000000e+00    -7.78328371e+00     2.92383946e+02     0.00000000e+00    -7.78328371e+00     0.00000000e+00   
    4.30000000e+01     0.00000000e+00    -7.78329372e+00     2.92383946e+02     0.00000000e+00    -7.78329372e+00     0.00000000e+00   
    4.40000000e+01     0.00000000e+00    -7.78330040e+00     2.92383946e+02     0.00000000e+00    -7.78330040e+00     0.00000000e+00   
    4.50000000e+01     0.00000000e+00    -7.78331041e+00     2.92383946e+02     0.00000000e+00    -7.78331041e+00     0.00000000e+00   
    4.60000000e+01     0.00000000e+00    -7.78331137e+00     2.92383946e+02     0.00000000e+00    -7.78331137e+00     0.00000000e+00   
