# column   1     --> step : The current simulation time step.
# column   2     --> time : The elapsed simulation time.
# column   3     --> conserved : The value of the conserved energy quantity per bead.
# column   4     --> temperature{kelvin} : The current temperature, as obtained from the MD kinetic energy.
# column   5     --> kinetic_md : The kinetic energy of the (extended) classical system.
# column   6     --> potential : The physical system potential energy.
# column   7     --> pressure_md : The pressure of the (extended) classical system.
    0.00000000e+00     0.00000000e+00    -8.95016384e+00     2.43653289e+02     0.00000000e+00    -8.95016384e+00     0.00000000e+00   
    1.00000000e+00     0.00000000e+00    -9.24602032e+00     2.43653289e+02     0.00000000e+00    -9.24602032e+00     0.00000000e+00   
    2.00000000e+00     0.00000000e+00    -9.28472519e+00     2.43653289e+02     0.00000000e+00    -9.28472519e+00     0.00000000e+00   
    3.00000000e+00     0.00000000e+00    -9.33647156e+00     2.43653289e+02     0.00000000e+00    -9.33647156e+00     0.00000000e+00   
    4.00000000e+00     0.00000000e+00    -9.33751583e+00     2.43653289e+02     0.00000000e+00    -9.33751583e+00     0.00000000e+00   
    5.00000000e+00     0.00000000e+00    -9.33767605e+00     2.43653289e+02     0.00000000e+00    -9.33767605e+00     0.00000000e+00   
    6.00000000e+00     0.00000000e+00    -9.33779144e+00     2.43653289e+02     0.00000000e+00    -9.33779144e+00     0.00000000e+00   
    7.00000000e+00     0.00000000e+00    -9.33782578e+00     2.43653289e+02     0.00000000e+00    -9.33782578e+00     0.00000000e+00   
    8.00000000e+00     0.00000000e+00    -9.33802032e+00     2.43653289e+02     0.00000000e+00    -9.33802032e+00     0.00000000e+00   
    9.00000000e+00     0.00000000e+00    -9.33815575e+00     2.43653289e+02     0.00000000e+00    -9.33815575e+00     0.00000000e+00   
    1.00000000e+01     0.00000000e+00    -9.33822632e+00     2.43653289e+02     0.00000000e+00    -9.33822632e+00     0.00000000e+00   
    1.10000000e+01     0.00000000e+00    -9.33835316e+00     2.43653289e+02     0.00000000e+00    -9.33835316e+00     0.00000000e+00   
    1.20000000e+01     0.00000000e+00    -9.33840370e+00     2.43653289e+02     0.00000000e+00    -9.33840370e+00     0.00000000e+00   
    1.30000000e+01     0.00000000e+00    -9.33847713e+00     2.43653289e+02     0.00000000e+00    -9.33847713e+00     0.00000000e+00   
    1.40000000e+01     0.00000000e+00    -9.33855724e+00     2.43653289e+02     0.00000000e+00    -9.33855724e+00     0.00000000e+00   
    1.50000000e+01     0.00000000e+00    -9.33864689e+00     2.43653289e+02     0.00000000e+00    -9.33864689e+00     0.00000000e+00   
    1.60000000e+01     0.00000000e+00    -9.33878422e+00     2.43653289e+02     0.00000000e+00    -9.33878422e+00     0.00000000e+00   
    1.70000000e+01     0.00000000e+00    -9.33885574e+00     2.43653289e+02     0.00000000e+00    -9.33885574e+00     0.00000000e+00   
    1.80000000e+01     0.00000000e+00    -9.33894730e+00     2.43653289e+02     0.00000000e+00    -9.33894730e+00     0.00000000e+00   
    1.90000000e+01     0.00000000e+00    -9.33903980e+00     2.43653289e+02     0.00000000e+00    -9.33903980e+00     0.00000000e+00   
    2.00000000e+01     0.00000000e+00    -9.33909607e+00     2.43653289e+02     0.00000000e+00    -9.33909607e+00     0.00000000e+00   
    2.10000000e+01     0.00000000e+00    -9.33910847e+00     2.43653289e+02     0.00000000e+00    -9.33910847e+00     0.00000000e+00   
    2.20000000e+01     0.00000000e+00    -9.33923340e+00     2.43653289e+02     0.00000000e+00    -9.33923340e+00     0.00000000e+00   
    2.30000000e+01     0.00000000e+00    -9.33928108e+00     2.43653289e+02     0.00000000e+00    -9.33928108e+00     0.00000000e+00   
    2.40000000e+01     0.00000000e+00    -9.33932972e+00     2.43653289e+02     0.00000000e+00    -9.33932972e+00     0.00000000e+00   
    2.50000000e+01     0.00000000e+00    -9.33939075e+00     2.43653289e+02     0.00000000e+00    -9.33939075e+00     0.00000000e+00   
    2.60000000e+01     0.00000000e+00    -9.33942413e+00     2.43653289e+02     0.00000000e+00    -9.33942413e+00     0.00000000e+00   
    2.70000000e+01     0.00000000e+00    -9.33945560e+00     2.43653289e+02     0.00000000e+00    -9.33945560e+00     0.00000000e+00   
    2.80000000e+01     0.00000000e+00    -9.33948708e+00     2.43653289e+02     0.00000000e+00    -9.33948708e+00     0.00000000e+00   
    2.90000000e+01     0.00000000e+00    -9.33953857e+00     2.43653289e+02     0.00000000e+00    -9.33953857e+00     0.00000000e+00   
    3.00000000e+01     0.00000000e+00    -9.33954525e+00     2.43653289e+02     0.00000000e+00    -9.33954525e+00     0.00000000e+00   
    3.10000000e+01     0.00000000e+00    -9.33956337e+00     2.43653289e+02     0.00000000e+00    -9.33956337e+00     0.00000000e+00   
    3.20000000e+01     0.00000000e+00    -9.33959675e+00     2.43653289e+02     0.00000000e+00    -9.33959675e+00     0.00000000e+00   
    3.30000000e+01     0.00000000e+00    -9.33962345e+00     2.43653289e+02     0.00000000e+00    -9.33962345e+00     0.00000000e+00   
    3.40000000e+01     0.00000000e+00    -9.33964252e+00     2.43653289e+02     0.00000000e+00    -9.33964252e+00     0.00000000e+00   
    3.50000000e+01     0.00000000e+00    -9.33965206e+00     2.43653289e+02     0.00000000e+00    -9.33965206e+00     0.00000000e+00   
    3.60000000e+01     0.00000000e+00    -9.33966446e+00     2.43653289e+02     0.00000000e+00    -9.33966446e+00     0.00000000e+00   
    3.70000000e+01     0.00000000e+00    -9.33968163e+00     2.43653289e+02     0.00000000e+00    -9.33968163e+00     0.00000000e+00   
    3.80000000e+01     0.00000000e+00    -9.33969975e+00     2.43653289e+02     0.00000000e+00    -9.33969975e+00     0.00000000e+00   
    3.90000000e+01     0.00000000e+00    -9.33971786e+00     2.43653289e+02     0.00000000e+00    -9.33971786e+00     0.00000000e+00   
    4.00000000e+01     0.00000000e+00    -9.33973503e+00     2.43653289e+02     0.00000000e+00    -9.33973503e+00     0.00000000e+00   
    4.10000000e+01     0.00000000e+00    -9.33973598e+00     2.43653289e+02     0.00000000e+00    -9.33973598e+00     0.00000000e+00   
    4.20000000e+01     0.00000000e+00    -9.33975887e+00     2.43653289e+02     0.00000000e+00    -9.33975887e+00     0.00000000e+00   
    4.30000000e+01     0.00000000e+00    -9.33977127e+00     2.43653289e+02     0.00000000e+00    -9.33977127e+00     0.00000000e+00   
    4.40000000e+01     0.00000000e+00    -9.33978462e+00     2.43653289e+02     0.00000000e+00    -9.33978462e+00     0.00000000e+00   
    4.50000000e+01     0.00000000e+00    -9.33978558e+00     2.43653289e+02     0.00000000e+00    -9.33978558e+00     0.00000000e+00   
    4.60000000e+01     0.00000000e+00    -9.33979034e+00     2.43653289e+02     0.00000000e+00    -9.33979034e+00     0.00000000e+00   
    4.70000000e+01     0.00000000e+00    -9.33980179e+00     2.43653289e+02     0.00000000e+00    -9.33980179e+00     0.00000000e+00   
    4.80000000e+01     0.00000000e+00    -9.33980274e+00     2.43653289e+02     0.00000000e+00    -9.33980274e+00     0.00000000e+00   
    4.90000000e+01     0.00000000e+00    -9.33980656e+00     2.43653289e+02     0.00000000e+00    -9.33980656e+00     0.00000000e+00   
    5.00000000e+01     0.00000000e+00    -9.33981609e+00     2.43653289e+02     0.00000000e+00    -9.33981609e+00     0.00000000e+00   
    5.10000000e+01     0.00000000e+00    -9.33981991e+00     2.43653289e+02     0.00000000e+00    -9.33981991e+00     0.00000000e+00   
    5.20000000e+01     0.00000000e+00    -9.33982468e+00     2.43653289e+02     0.00000000e+00    -9.33982468e+00     0.00000000e+00   
