# column   1     --> step : The current simulation time step.
# column   2     --> time : The elapsed simulation time.
# column   3     --> conserved : The value of the conserved energy quantity per bead.
# column   4     --> temperature{kelvin} : The current temperature, as obtained from the MD kinetic energy.
# column   5     --> kinetic_md : The kinetic energy of the (extended) classical system.
# column   6     --> potential : The physical system potential energy.
# column   7     --> pressure_md : The pressure of the (extended) classical system.
    0.00000000e+00     0.00000000e+00    -7.45860100e+00     2.92383946e+02     0.00000000e+00    -7.45860100e+00     0.00000000e+00   
    1.00000000e+00     0.00000000e+00    -7.69789982e+00     2.92383946e+02     0.00000000e+00    -7.69789982e+00     0.00000000e+00   
    2.00000000e+00     0.00000000e+00    -7.73787117e+00     2.92383946e+02     0.00000000e+00    -7.73787117e+00     0.00000000e+00   
    3.00000000e+00     0.00000000e+00    -7.77459764e+00     2.92383946e+02     0.00000000e+00    -7.77459764e+00     0.00000000e+00   
    4.00000000e+00     0.00000000e+00    -7.78171873e+00     2.92383946e+02     0.00000000e+00    -7.78171873e+00     0.00000000e+00   
    5.00000000e+00     0.00000000e+00    -7.78185177e+00     2.92383946e+02     0.00000000e+00    -7.78185177e+00     0.00000000e+00   
    6.00000000e+00     0.00000000e+00    -7.78201866e+00     2.92383946e+02     0.00000000e+00    -7.78201866e+00     0.00000000e+00   
    7.00000000e+00     0.00000000e+00    -7.78203917e+00     2.92383946e+02     0.00000000e+00    -7.78203917e+00     0.00000000e+00   
    8.00000000e+00     0.00000000e+00    -7.78224230e+00     2.92383946e+02     0.00000000e+00    -7.78224230e+00     0.00000000e+00   
    9.00000000e+00     0.00000000e+00    -7.78230000e+00     2.92383946e+02     0.00000000e+00    -7.78230000e+00     0.00000000e+00   
    1.00000000e+01     0.00000000e+00    -7.78236294e+00     2.92383946e+02     0.00000000e+00    -7.78236294e+00     0.00000000e+00   
    1.10000000e+01     0.00000000e+00    -7.78240776e+00     2.92383946e+02     0.00000000e+00    -7.78240776e+00     0.00000000e+00   
    1.20000000e+01     0.00000000e+00    -7.78245020e+00     2.92383946e+02     0.00000000e+00    -7.78245020e+00     0.00000000e+00   
    1.30000000e+01     0.00000000e+00    -7.78250837e+00     2.92383946e+02     0.00000000e+00    -7.78250837e+00     0.00000000e+00   
    1.40000000e+01     0.00000000e+00    -7.78258228e+00     2.92383946e+02     0.00000000e+00    -7.78258228e+00     0.00000000e+00   
    1.50000000e+01     0.00000000e+00    -7.78266573e+00     2.92383946e+02     0.00000000e+00    -7.78266573e+00     0.00000000e+00   
    1.60000000e+01     0.00000000e+00    -7.78270149e+00     2.92383946e+02     0.00000000e+00    -7.78270149e+00     0.00000000e+00   
    1.70000000e+01     0.00000000e+00    -7.78279686e+00     2.92383946e+02     0.00000000e+00    -7.78279686e+00     0.00000000e+00   
    1.80000000e+01     0.00000000e+00    -7.78286505e+00     2.92383946e+02     0.00000000e+00    -7.78286505e+00     0.00000000e+00   
    1.90000000e+01     0.00000000e+00    -7.78294754e+00     2.92383946e+02     0.00000000e+00    -7.78294754e+00     0.00000000e+00   
    2.00000000e+01     0.00000000e+00    -7.78301096e+00     2.92383946e+02     0.00000000e+00    -7.78301096e+00     0.00000000e+00   
    2.10000000e+01     0.00000000e+00    -7.78304338e+00     2.92383946e+02     0.00000000e+00    -7.78304338e+00     0.00000000e+00   
    2.20000000e+01     0.00000000e+00    -7.78307009e+00     2.92383946e+02     0.00000000e+00    -7.78307009e+00     0.00000000e+00   
    2.30000000e+01     0.00000000e+00    -7.78317213e+00     2.92383946e+02     0.00000000e+00    -7.78317213e+00     0.00000000e+00   
    2.40000000e+01     0.00000000e+00    -7.78318691e+00     2.92383946e+02     0.00000000e+00    -7.78318691e+00     0.00000000e+00   
    2.50000000e+01     0.00000000e+00    -7.78322792e+00     2.92383946e+02     0.00000000e+00    -7.78322792e+00     0.00000000e+00   
    2.60000000e+01     0.00000000e+00    -7.78324938e+00     2.92383946e+02     0.00000000e+00    -7.78324938e+00     0.00000000e+00   
    2.70000000e+01     0.00000000e+00    -7.78326607e+00     2.92383946e+02     0.00000000e+00    -7.78326607e+00     0.00000000e+00   
    2.80000000e+01     0.00000000e+00    -7.78329468e+00     2.92383946e+02     0.00000000e+00    -7.78329468e+00     0.00000000e+00   
    2.90000000e+01     0.00000000e+00    -7.78330898e+00     2.92383946e+02     0.00000000e+00    -7.78330898e+00     0.00000000e+00   
    3.00000000e+01     0.00000000e+00    -7.78332615e+00     2.92383946e+02     0.00000000e+00    -7.78332615e+00     0.00000000e+00   
    3.10000000e+01     0.00000000e+00    -7.78333902e+00     2.92383946e+02     0.00000000e+00    -7.78333902e+00     0.00000000e+00   
    3.20000000e+01     0.00000000e+00    -7.78335857e+00     2.92383946e+02     0.00000000e+00    -7.78335857e+00     0.00000000e+00   
    3.30000000e+01     0.00000000e+00    -7.78338003e+00     2.92383946e+02     0.00000000e+00    -7.78338003e+00     0.00000000e+00   
    3.40000000e+01     0.00000000e+00    -7.78339624e+00     2.92383946e+02     0.00000000e+00    -7.78339624e+00     0.00000000e+00   
    3.50000000e+01     0.00000000e+00    -7.78340816e+00     2.92383946e+02     0.00000000e+00    -7.78340816e+00     0.00000000e+00   
    3.60000000e+01     0.00000000e+00    -7.78341532e+00     2.92383946e+02     0.00000000e+00    -7.78341532e+00     0.00000000e+00   
    3.70000000e+01     0.00000000e+00    -7.78343058e+00     2.92383946e+02     0.00000000e+00    -7.78343058e+00     0.00000000e+00   
    3.80000000e+01     0.00000000e+00    -7.78344393e+00     2.92383946e+02     0.00000000e+00    -7.78344393e+00     0.00000000e+00   
    3.90000000e+01     0.00000000e+00    -7.78344822e+00     2.92383946e+02     0.00000000e+00    -7.78344822e+00     0.00000000e+00   
    4.00000000e+01     0.00000000e+00    -7.78346634e+00     2.92383946e+02     0.00000000e+00    -7.78346634e+00     0.00000000e+00   
    4.10000000e+01     0.00000000e+00    -7.78347206e+00     2.92383946e+02     0.00000000e+00    -7.78347206e+00     0.00000000e+00   
