# column   1     --> step : The current simulation time step.
# column   2     --> time : The elapsed simulation time.
# column   3     --> conserved : The value of the conserved energy quantity per bead.
# column   4     --> temperature{kelvin} : The current temperature, as obtained from the MD kinetic energy.
# column   5     --> kinetic_md : The kinetic energy of the (extended) classical system.
# column   6     --> potential : The physical system potential energy.
# column   7     --> pressure_md : The pressure of the (extended) classical system.
    0.00000000e+00     0.00000000e+00    -1.98544443e+00     1.09643980e+03     0.00000000e+00    -1.98544443e+00     0.00000000e+00   
    1.00000000e+00     0.00000000e+00    -2.05171061e+00     1.09643980e+03     0.00000000e+00    -2.05171061e+00     0.00000000e+00   
    2.00000000e+00     0.00000000e+00    -2.05965066e+00     1.09643980e+03     0.00000000e+00    -2.05965066e+00     0.00000000e+00   
    3.00000000e+00     0.00000000e+00    -2.07119703e+00     1.09643980e+03     0.00000000e+00    -2.07119703e+00     0.00000000e+00   
    4.00000000e+00     0.00000000e+00    -2.07123470e+00     1.09643980e+03     0.00000000e+00    -2.07123470e+00     0.00000000e+00   
    5.00000000e+00     0.00000000e+00    -2.07125020e+00     1.09643980e+03     0.00000000e+00    -2.07125020e+00     0.00000000e+00   
    6.00000000e+00     0.00000000e+00    -2.07126427e+00     1.09643980e+03     0.00000000e+00    -2.07126427e+00     0.00000000e+00   
    7.00000000e+00     0.00000000e+00    -2.07131100e+00     1.09643980e+03     0.00000000e+00    -2.07131100e+00     0.00000000e+00   
    8.00000000e+00     0.00000000e+00    -2.07134008e+00     1.09643980e+03     0.00000000e+00    -2.07134008e+00     0.00000000e+00   
    9.00000000e+00     0.00000000e+00    -2.07136226e+00     1.09643980e+03     0.00000000e+00    -2.07136226e+00     0.00000000e+00   
    1.00000000e+01     0.00000000e+00    -2.07137680e+00     1.09643980e+03     0.00000000e+00    -2.07137680e+00     0.00000000e+00   
    1.10000000e+01     0.00000000e+00    -2.07138872e+00     1.09643980e+03     0.00000000e+00    -2.07138872e+00     0.00000000e+00   
    1.20000000e+01     0.00000000e+00    -2.07140398e+00     1.09643980e+03     0.00000000e+00    -2.07140398e+00     0.00000000e+00   
    1.30000000e+01     0.00000000e+00    -2.07141614e+00     1.09643980e+03     0.00000000e+00    -2.07141614e+00     0.00000000e+00   
    1.40000000e+01     0.00000000e+00    -2.07143354e+00     1.09643980e+03     0.00000000e+00    -2.07143354e+00     0.00000000e+00   
    1.50000000e+01     0.00000000e+00    -2.07144260e+00     1.09643980e+03     0.00000000e+00    -2.07144260e+00     0.00000000e+00   
    1.60000000e+01     0.00000000e+00    -2.07145405e+00     1.09643980e+03     0.00000000e+00    -2.07145405e+00     0.00000000e+00   
    1.70000000e+01     0.00000000e+00    -2.07148218e+00     1.09643980e+03     0.00000000e+00    -2.07148218e+00     0.00000000e+00   
    1.80000000e+01     0.00000000e+00    -2.07149363e+00     1.09643980e+03     0.00000000e+00    -2.07149363e+00     0.00000000e+00   
    1.90000000e+01     0.00000000e+00    -2.07154131e+00     1.09643980e+03     0.00000000e+00    -2.07154131e+00     0.00000000e+00   
    2.00000000e+01     0.00000000e+00    -2.07155418e+00     1.09643980e+03     0.00000000e+00    -2.07155418e+00     0.00000000e+00   
    2.10000000e+01     0.00000000e+00    -2.07157230e+00     1.09643980e+03     0.00000000e+00    -2.07157230e+00     0.00000000e+00   
    2.20000000e+01     0.00000000e+00    -2.07157731e+00     1.09643980e+03     0.00000000e+00    -2.07157731e+00     0.00000000e+00   
    2.30000000e+01     0.00000000e+00    -2.07160950e+00     1.09643980e+03     0.00000000e+00    -2.07160950e+00     0.00000000e+00   
    2.40000000e+01     0.00000000e+00    -2.07162142e+00     1.09643980e+03     0.00000000e+00    -2.07162142e+00     0.00000000e+00   
    2.50000000e+01     0.00000000e+00    -2.07163167e+00     1.09643980e+03     0.00000000e+00    -2.07163167e+00     0.00000000e+00   
    2.60000000e+01     0.00000000e+00    -2.07164621e+00     1.09643980e+03     0.00000000e+00    -2.07164621e+00     0.00000000e+00   
    2.70000000e+01     0.00000000e+00    -2.07166195e+00     1.09643980e+03     0.00000000e+00    -2.07166195e+00     0.00000000e+00   
    2.80000000e+01     0.00000000e+00    -2.07167077e+00     1.09643980e+03     0.00000000e+00    -2.07167077e+00     0.00000000e+00   
    2.90000000e+01     0.00000000e+00    -2.07167363e+00     1.09643980e+03     0.00000000e+00    -2.07167363e+00     0.00000000e+00   
    3.00000000e+01     0.00000000e+00    -2.07167816e+00     1.09643980e+03     0.00000000e+00    -2.07167816e+00     0.00000000e+00   
    3.10000000e+01     0.00000000e+00    -2.07168436e+00     1.09643980e+03     0.00000000e+00    -2.07168436e+00     0.00000000e+00   
    3.20000000e+01     0.00000000e+00    -2.07168937e+00     1.09643980e+03     0.00000000e+00    -2.07168937e+00     0.00000000e+00   
    3.30000000e+01     0.00000000e+00    -2.07169414e+00     1.09643980e+03     0.00000000e+00    -2.07169414e+00     0.00000000e+00   
    3.40000000e+01     0.00000000e+00    -2.07169700e+00     1.09643980e+03     0.00000000e+00    -2.07169700e+00     0.00000000e+00   
    3.50000000e+01     0.00000000e+00    -2.07170081e+00     1.09643980e+03     0.00000000e+00    -2.07170081e+00     0.00000000e+00   
    3.60000000e+01     0.00000000e+00    -2.07170391e+00     1.09643980e+03     0.00000000e+00    -2.07170391e+00     0.00000000e+00   
    3.70000000e+01     0.00000000e+00    -2.07170701e+00     1.09643980e+03     0.00000000e+00    -2.07170701e+00     0.00000000e+00   
    3.80000000e+01     0.00000000e+00    -2.07170820e+00     1.09643980e+03     0.00000000e+00    -2.07170820e+00     0.00000000e+00   
