# column   1     --> step : The current simulation time step.
# column   2     --> time : The elapsed simulation time.
# column   3     --> conserved : The value of the conserved energy quantity per bead.
# column   4     --> temperature{kelvin} : The current temperature, as obtained from the MD kinetic energy.
# column   5     --> kinetic_md : The kinetic energy of the (extended) classical system.
# column   6     --> potential : The physical system potential energy.
# column   7     --> pressure_md : The pressure of the (extended) classical system.
    0.00000000e+00     0.00000000e+00    -3.97668576e+00     5.48219900e+02     0.00000000e+00    -3.97668576e+00     0.00000000e+00   
    1.00000000e+00     0.00000000e+00    -4.05897427e+00     5.48219900e+02     0.00000000e+00    -4.05897427e+00     0.00000000e+00   
    2.00000000e+00     0.00000000e+00    -4.12591410e+00     5.48219900e+02     0.00000000e+00    -4.12591410e+00     0.00000000e+00   
    3.00000000e+00     0.00000000e+00    -4.13864517e+00     5.48219900e+02     0.00000000e+00    -4.13864517e+00     0.00000000e+00   
    4.00000000e+00     0.00000000e+00    -4.14808846e+00     5.48219900e+02     0.00000000e+00    -4.14808846e+00     0.00000000e+00   
    5.00000000e+00     0.00000000e+00    -4.14886475e+00     5.48219900e+02     0.00000000e+00    -4.14886475e+00     0.00000000e+00   
    6.00000000e+00     0.00000000e+00    -4.14890337e+00     5.48219900e+02     0.00000000e+00    -4.14890337e+00     0.00000000e+00   
    7.00000000e+00     0.00000000e+00    -4.14899397e+00     5.48219900e+02     0.00000000e+00    -4.14899397e+00     0.00000000e+00   
    8.00000000e+00     0.00000000e+00    -4.14900255e+00     5.48219900e+02     0.00000000e+00    -4.14900255e+00     0.00000000e+00   
    9.00000000e+00     0.00000000e+00    -4.14911747e+00     5.48219900e+02     0.00000000e+00    -4.14911747e+00     0.00000000e+00   
    1.00000000e+01     0.00000000e+00    -4.14916658e+00     5.48219900e+02     0.00000000e+00    -4.14916658e+00     0.00000000e+00   
    1.10000000e+01     0.00000000e+00    -4.14917517e+00     5.48219900e+02     0.00000000e+00    -4.14917517e+00     0.00000000e+00   
    1.20000000e+01     0.00000000e+00    -4.14923286e+00     5.48219900e+02     0.00000000e+00    -4.14923286e+00     0.00000000e+00   
    1.30000000e+01     0.00000000e+00    -4.14924717e+00     5.48219900e+02     0.00000000e+00    -4.14924717e+00     0.00000000e+00   
    1.40000000e+01     0.00000000e+00    -4.14928389e+00     5.48219900e+02     0.00000000e+00    -4.14928389e+00     0.00000000e+00   
    1.50000000e+01     0.00000000e+00    -4.14932156e+00     5.48219900e+02     0.00000000e+00    -4.14932156e+00     0.00000000e+00   
    1.60000000e+01     0.00000000e+00    -4.14937401e+00     5.48219900e+02     0.00000000e+00    -4.14937401e+00     0.00000000e+00   
    1.70000000e+01     0.00000000e+00    -4.14942360e+00     5.48219900e+02     0.00000000e+00    -4.14942360e+00     0.00000000e+00   
    1.80000000e+01     0.00000000e+00    -4.14945221e+00     5.48219900e+02     0.00000000e+00    -4.14945221e+00     0.00000000e+00   
    1.90000000e+01     0.00000000e+00    -4.14948511e+00     5.48219900e+02     0.00000000e+00    -4.14948511e+00     0.00000000e+00   
    2.00000000e+01     0.00000000e+00    -4.14950323e+00     5.48219900e+02     0.00000000e+00    -4.14950323e+00     0.00000000e+00   
    2.10000000e+01     0.00000000e+00    -4.14952374e+00     5.48219900e+02     0.00000000e+00    -4.14952374e+00     0.00000000e+00   
    2.20000000e+01     0.00000000e+00    -4.14955759e+00     5.48219900e+02     0.00000000e+00    -4.14955759e+00     0.00000000e+00   
    2.30000000e+01     0.00000000e+00    -4.14957952e+00     5.48219900e+02     0.00000000e+00    -4.14957952e+00     0.00000000e+00   
    2.40000000e+01     0.00000000e+00    -4.14960432e+00     5.48219900e+02     0.00000000e+00    -4.14960432e+00     0.00000000e+00   
    2.50000000e+01     0.00000000e+00    -4.14961386e+00     5.48219900e+02     0.00000000e+00    -4.14961386e+00     0.00000000e+00   
    2.60000000e+01     0.00000000e+00    -4.14962482e+00     5.48219900e+02     0.00000000e+00    -4.14962482e+00     0.00000000e+00   
    2.70000000e+01     0.00000000e+00    -4.14964247e+00     5.48219900e+02     0.00000000e+00    -4.14964247e+00     0.00000000e+00   
    2.80000000e+01     0.00000000e+00    -4.14965010e+00     5.48219900e+02     0.00000000e+00    -4.14965010e+00     0.00000000e+00   
    2.90000000e+01     0.00000000e+00    -4.14965963e+00     5.48219900e+02     0.00000000e+00    -4.14965963e+00     0.00000000e+00   
    3.00000000e+01     0.00000000e+00    -4.14966488e+00     5.48219900e+02     0.00000000e+00    -4.14966488e+00     0.00000000e+00   
    3.10000000e+01     0.00000000e+00    -4.14967585e+00     5.48219900e+02     0.00000000e+00    -4.14967585e+00     0.00000000e+00   
    3.20000000e+01     0.00000000e+00    -4.14968395e+00     5.48219900e+02     0.00000000e+00    -4.14968395e+00     0.00000000e+00   
    3.30000000e+01     0.00000000e+00    -4.14968920e+00     5.48219900e+02     0.00000000e+00    -4.14968920e+00     0.00000000e+00   
    3.40000000e+01     0.00000000e+00    -4.14969826e+00     5.48219900e+02     0.00000000e+00    -4.14969826e+00     0.00000000e+00   
    3.50000000e+01     0.00000000e+00    -4.14970255e+00     5.48219900e+02     0.00000000e+00    -4.14970255e+00     0.00000000e+00   
