# column   1     --> step : The current simulation time step.
# column   2     --> time : The elapsed simulation time.
# column   3     --> conserved : The value of the conserved energy quantity per bead.
# column   4     --> temperature{kelvin} : The current temperature, as obtained from the MD kinetic energy.
# column   5     --> kinetic_md : The kinetic energy of the (extended) classical system.
# column   6     --> potential : The physical system potential energy.
# column   7     --> pressure_md : The pressure of the (extended) classical system.
    0.00000000e+00     0.00000000e+00    -1.98847735e+00     1.09643980e+03     0.00000000e+00    -1.98847735e+00     0.00000000e+00   
    1.00000000e+00     0.00000000e+00    -2.05473661e+00     1.09643980e+03     0.00000000e+00    -2.05473661e+00     0.00000000e+00   
    2.00000000e+00     0.00000000e+00    -2.06285644e+00     1.09643980e+03     0.00000000e+00    -2.06285644e+00     0.00000000e+00   
    3.00000000e+00     0.00000000e+00    -2.07461143e+00     1.09643980e+03     0.00000000e+00    -2.07461143e+00     0.00000000e+00   
    4.00000000e+00     0.00000000e+00    -2.07464504e+00     1.09643980e+03     0.00000000e+00    -2.07464504e+00     0.00000000e+00   
    5.00000000e+00     0.00000000e+00    -2.07466078e+00     1.09643980e+03     0.00000000e+00    -2.07466078e+00     0.00000000e+00   
    6.00000000e+00     0.00000000e+00    -2.07467771e+00     1.09643980e+03     0.00000000e+00    -2.07467771e+00     0.00000000e+00   
    7.00000000e+00     0.00000000e+00    -2.07472515e+00     1.09643980e+03     0.00000000e+00    -2.07472515e+00     0.00000000e+00   
    8.00000000e+00     0.00000000e+00    -2.07474756e+00     1.09643980e+03     0.00000000e+00    -2.07474756e+00     0.00000000e+00   
    9.00000000e+00     0.00000000e+00    -2.07477403e+00     1.09643980e+03     0.00000000e+00    -2.07477403e+00     0.00000000e+00   
    1.00000000e+01     0.00000000e+00    -2.07478762e+00     1.09643980e+03     0.00000000e+00    -2.07478762e+00     0.00000000e+00   
    1.10000000e+01     0.00000000e+00    -2.07479978e+00     1.09643980e+03     0.00000000e+00    -2.07479978e+00     0.00000000e+00   
    1.20000000e+01     0.00000000e+00    -2.07482171e+00     1.09643980e+03     0.00000000e+00    -2.07482171e+00     0.00000000e+00   
    1.30000000e+01     0.00000000e+00    -2.07484245e+00     1.09643980e+03     0.00000000e+00    -2.07484245e+00     0.00000000e+00   
    1.40000000e+01     0.00000000e+00    -2.07485986e+00     1.09643980e+03     0.00000000e+00    -2.07485986e+00     0.00000000e+00   
    1.50000000e+01     0.00000000e+00    -2.07488108e+00     1.09643980e+03     0.00000000e+00    -2.07488108e+00     0.00000000e+00   
    1.60000000e+01     0.00000000e+00    -2.07489967e+00     1.09643980e+03     0.00000000e+00    -2.07489967e+00     0.00000000e+00   
    1.70000000e+01     0.00000000e+00    -2.07492304e+00     1.09643980e+03     0.00000000e+00    -2.07492304e+00     0.00000000e+00   
    1.80000000e+01     0.00000000e+00    -2.07497263e+00     1.09643980e+03     0.00000000e+00    -2.07497263e+00     0.00000000e+00   
    1.90000000e+01     0.00000000e+00    -2.07498789e+00     1.09643980e+03     0.00000000e+00    -2.07498789e+00     0.00000000e+00   
    2.00000000e+01     0.00000000e+00    -2.07500553e+00     1.09643980e+03     0.00000000e+00    -2.07500553e+00     0.00000000e+00   
    2.10000000e+01     0.00000000e+00    -2.07501888e+00     1.09643980e+03     0.00000000e+00    -2.07501888e+00     0.00000000e+00   
    2.20000000e+01     0.00000000e+00    -2.07503271e+00     1.09643980e+03     0.00000000e+00    -2.07503271e+00     0.00000000e+00   
    2.30000000e+01     0.00000000e+00    -2.07505441e+00     1.09643980e+03     0.00000000e+00    -2.07505441e+00     0.00000000e+00   
    2.40000000e+01     0.00000000e+00    -2.07506299e+00     1.09643980e+03     0.00000000e+00    -2.07506299e+00     0.00000000e+00   
    2.50000000e+01     0.00000000e+00    -2.07507133e+00     1.09643980e+03     0.00000000e+00    -2.07507133e+00     0.00000000e+00   
    2.60000000e+01     0.00000000e+00    -2.07508039e+00     1.09643980e+03     0.00000000e+00    -2.07508039e+00     0.00000000e+00   
    2.70000000e+01     0.00000000e+00    -2.07508707e+00     1.09643980e+03     0.00000000e+00    -2.07508707e+00     0.00000000e+00   
    2.80000000e+01     0.00000000e+00    -2.07509351e+00     1.09643980e+03     0.00000000e+00    -2.07509351e+00     0.00000000e+00   
    2.90000000e+01     0.00000000e+00    -2.07509756e+00     1.09643980e+03     0.00000000e+00    -2.07509756e+00     0.00000000e+00   
    3.00000000e+01     0.00000000e+00    -2.07510042e+00     1.09643980e+03     0.00000000e+00    -2.07510042e+00     0.00000000e+00   
    3.10000000e+01     0.00000000e+00    -2.07510519e+00     1.09643980e+03     0.00000000e+00    -2.07510519e+00     0.00000000e+00   
    3.20000000e+01     0.00000000e+00    -2.07511425e+00     1.09643980e+03     0.00000000e+00    -2.07511425e+00     0.00000000e+00   
    3.30000000e+01     0.00000000e+00    -2.07511806e+00     1.09643980e+03     0.00000000e+00    -2.07511806e+00     0.00000000e+00   
    3.40000000e+01     0.00000000e+00    -2.07512188e+00     1.09643980e+03     0.00000000e+00    -2.07512188e+00     0.00000000e+00   
    3.50000000e+01     0.00000000e+00    -2.07512546e+00     1.09643980e+03     0.00000000e+00    -2.07512546e+00     0.00000000e+00   
    3.60000000e+01     0.00000000e+00    -2.07512927e+00     1.09643980e+03     0.00000000e+00    -2.07512927e+00     0.00000000e+00   
    3.70000000e+01     0.00000000e+00    -2.07513332e+00     1.09643980e+03     0.00000000e+00    -2.07513332e+00     0.00000000e+00   
