# column   1     --> step : The current simulation time step.
# column   2     --> time : The elapsed simulation time.
# column   3     --> conserved : The value of the conserved energy quantity per bead.
# column   4     --> temperature{kelvin} : The current temperature, as obtained from the MD kinetic energy.
# column   5     --> kinetic_md : The kinetic energy of the (extended) classical system.
# column   6     --> potential : The physical system potential energy.
# column   7     --> pressure_md : The pressure of the (extended) classical system.
    0.00000000e+00     0.00000000e+00    -1.98868406e+00     1.09643980e+03     0.00000000e+00    -1.98868406e+00     0.00000000e+00   
    1.00000000e+00     0.00000000e+00    -2.05493045e+00     1.09643980e+03     0.00000000e+00    -2.05493045e+00     0.00000000e+00   
    2.00000000e+00     0.00000000e+00    -2.06305337e+00     1.09643980e+03     0.00000000e+00    -2.06305337e+00     0.00000000e+00   
    3.00000000e+00     0.00000000e+00    -2.07480407e+00     1.09643980e+03     0.00000000e+00    -2.07480407e+00     0.00000000e+00   
    4.00000000e+00     0.00000000e+00    -2.07483935e+00     1.09643980e+03     0.00000000e+00    -2.07483935e+00     0.00000000e+00   
    5.00000000e+00     0.00000000e+00    -2.07485557e+00     1.09643980e+03     0.00000000e+00    -2.07485557e+00     0.00000000e+00   
    6.00000000e+00     0.00000000e+00    -2.07487082e+00     1.09643980e+03     0.00000000e+00    -2.07487082e+00     0.00000000e+00   
    7.00000000e+00     0.00000000e+00    -2.07491803e+00     1.09643980e+03     0.00000000e+00    -2.07491803e+00     0.00000000e+00   
    8.00000000e+00     0.00000000e+00    -2.07493901e+00     1.09643980e+03     0.00000000e+00    -2.07493901e+00     0.00000000e+00   
    9.00000000e+00     0.00000000e+00    -2.07496738e+00     1.09643980e+03     0.00000000e+00    -2.07496738e+00     0.00000000e+00   
    1.00000000e+01     0.00000000e+00    -2.07497954e+00     1.09643980e+03     0.00000000e+00    -2.07497954e+00     0.00000000e+00   
    1.10000000e+01     0.00000000e+00    -2.07499266e+00     1.09643980e+03     0.00000000e+00    -2.07499266e+00     0.00000000e+00   
    1.20000000e+01     0.00000000e+00    -2.07501292e+00     1.09643980e+03     0.00000000e+00    -2.07501292e+00     0.00000000e+00   
    1.30000000e+01     0.00000000e+00    -2.07503414e+00     1.09643980e+03     0.00000000e+00    -2.07503414e+00     0.00000000e+00   
    1.40000000e+01     0.00000000e+00    -2.07505083e+00     1.09643980e+03     0.00000000e+00    -2.07505083e+00     0.00000000e+00   
    1.50000000e+01     0.00000000e+00    -2.07507205e+00     1.09643980e+03     0.00000000e+00    -2.07507205e+00     0.00000000e+00   
    1.60000000e+01     0.00000000e+00    -2.07508874e+00     1.09643980e+03     0.00000000e+00    -2.07508874e+00     0.00000000e+00   
    1.70000000e+01     0.00000000e+00    -2.07511210e+00     1.09643980e+03     0.00000000e+00    -2.07511210e+00     0.00000000e+00   
    1.80000000e+01     0.00000000e+00    -2.07515907e+00     1.09643980e+03     0.00000000e+00    -2.07515907e+00     0.00000000e+00   
    1.90000000e+01     0.00000000e+00    -2.07517409e+00     1.09643980e+03     0.00000000e+00    -2.07517409e+00     0.00000000e+00   
    2.00000000e+01     0.00000000e+00    -2.07519150e+00     1.09643980e+03     0.00000000e+00    -2.07519150e+00     0.00000000e+00   
    2.10000000e+01     0.00000000e+00    -2.07520390e+00     1.09643980e+03     0.00000000e+00    -2.07520390e+00     0.00000000e+00   
    2.20000000e+01     0.00000000e+00    -2.07521772e+00     1.09643980e+03     0.00000000e+00    -2.07521772e+00     0.00000000e+00   
    2.30000000e+01     0.00000000e+00    -2.07523751e+00     1.09643980e+03     0.00000000e+00    -2.07523751e+00     0.00000000e+00   
    2.40000000e+01     0.00000000e+00    -2.07524228e+00     1.09643980e+03     0.00000000e+00    -2.07524228e+00     0.00000000e+00   
    2.50000000e+01     0.00000000e+00    -2.07525587e+00     1.09643980e+03     0.00000000e+00    -2.07525587e+00     0.00000000e+00   
    2.60000000e+01     0.00000000e+00    -2.07526112e+00     1.09643980e+03     0.00000000e+00    -2.07526112e+00     0.00000000e+00   
    2.70000000e+01     0.00000000e+00    -2.07526898e+00     1.09643980e+03     0.00000000e+00    -2.07526898e+00     0.00000000e+00   
    2.80000000e+01     0.00000000e+00    -2.07527113e+00     1.09643980e+03     0.00000000e+00    -2.07527113e+00     0.00000000e+00   
    2.90000000e+01     0.00000000e+00    -2.07528138e+00     1.09643980e+03     0.00000000e+00    -2.07528138e+00     0.00000000e+00   
    3.00000000e+01     0.00000000e+00    -2.07528329e+00     1.09643980e+03     0.00000000e+00    -2.07528329e+00     0.00000000e+00   
    3.10000000e+01     0.00000000e+00    -2.07528639e+00     1.09643980e+03     0.00000000e+00    -2.07528639e+00     0.00000000e+00   
    3.20000000e+01     0.00000000e+00    -2.07529163e+00     1.09643980e+03     0.00000000e+00    -2.07529163e+00     0.00000000e+00   
    3.30000000e+01     0.00000000e+00    -2.07529616e+00     1.09643980e+03     0.00000000e+00    -2.07529616e+00     0.00000000e+00   
    3.40000000e+01     0.00000000e+00    -2.07530212e+00     1.09643980e+03     0.00000000e+00    -2.07530212e+00     0.00000000e+00   
    3.50000000e+01     0.00000000e+00    -2.07530618e+00     1.09643980e+03     0.00000000e+00    -2.07530618e+00     0.00000000e+00   
    3.60000000e+01     0.00000000e+00    -2.07530856e+00     1.09643980e+03     0.00000000e+00    -2.07530856e+00     0.00000000e+00   
    3.70000000e+01     0.00000000e+00    -2.07531333e+00     1.09643980e+03     0.00000000e+00    -2.07531333e+00     0.00000000e+00   
    3.80000000e+01     0.00000000e+00    -2.07531595e+00     1.09643980e+03     0.00000000e+00    -2.07531595e+00     0.00000000e+00   
    3.90000000e+01     0.00000000e+00    -2.07531905e+00     1.09643980e+03     0.00000000e+00    -2.07531905e+00     0.00000000e+00   
    4.00000000e+01     0.00000000e+00    -2.07532144e+00     1.09643980e+03     0.00000000e+00    -2.07532144e+00     0.00000000e+00   
    4.10000000e+01     0.00000000e+00    -2.07532477e+00     1.09643980e+03     0.00000000e+00    -2.07532477e+00     0.00000000e+00   
    4.20000000e+01     0.00000000e+00    -2.07532907e+00     1.09643980e+03     0.00000000e+00    -2.07532907e+00     0.00000000e+00   
    4.30000000e+01     0.00000000e+00    -2.07533002e+00     1.09643980e+03     0.00000000e+00    -2.07533002e+00     0.00000000e+00   
    4.40000000e+01     0.00000000e+00    -2.07533264e+00     1.09643980e+03     0.00000000e+00    -2.07533264e+00     0.00000000e+00   
