# column   1     --> step : The current simulation time step.
# column   2     --> time : The elapsed simulation time.
# column   3     --> conserved : The value of the conserved energy quantity per bead.
# column   4     --> temperature{kelvin} : The current temperature, as obtained from the MD kinetic energy.
# column   5     --> kinetic_md : The kinetic energy of the (extended) classical system.
# column   6     --> potential : The physical system potential energy.
# column   7     --> pressure_md : The pressure of the (extended) classical system.
    0.00000000e+00     0.00000000e+00    -3.97748685e+00     5.48219900e+02     0.00000000e+00    -3.97748685e+00     0.00000000e+00   
    1.00000000e+00     0.00000000e+00    -4.05976725e+00     5.48219900e+02     0.00000000e+00    -4.05976725e+00     0.00000000e+00   
    2.00000000e+00     0.00000000e+00    -4.12673807e+00     5.48219900e+02     0.00000000e+00    -4.12673807e+00     0.00000000e+00   
    3.00000000e+00     0.00000000e+00    -4.13949680e+00     5.48219900e+02     0.00000000e+00    -4.13949680e+00     0.00000000e+00   
    4.00000000e+00     0.00000000e+00    -4.14893484e+00     5.48219900e+02     0.00000000e+00    -4.14893484e+00     0.00000000e+00   
    5.00000000e+00     0.00000000e+00    -4.14969635e+00     5.48219900e+02     0.00000000e+00    -4.14969635e+00     0.00000000e+00   
    6.00000000e+00     0.00000000e+00    -4.14975309e+00     5.48219900e+02     0.00000000e+00    -4.14975309e+00     0.00000000e+00   
    7.00000000e+00     0.00000000e+00    -4.14983940e+00     5.48219900e+02     0.00000000e+00    -4.14983940e+00     0.00000000e+00   
    8.00000000e+00     0.00000000e+00    -4.14984941e+00     5.48219900e+02     0.00000000e+00    -4.14984941e+00     0.00000000e+00   
    9.00000000e+00     0.00000000e+00    -4.14996767e+00     5.48219900e+02     0.00000000e+00    -4.14996767e+00     0.00000000e+00   
    1.00000000e+01     0.00000000e+00    -4.15001774e+00     5.48219900e+02     0.00000000e+00    -4.15001774e+00     0.00000000e+00   
    1.10000000e+01     0.00000000e+00    -4.15002775e+00     5.48219900e+02     0.00000000e+00    -4.15002775e+00     0.00000000e+00   
    1.20000000e+01     0.00000000e+00    -4.15008450e+00     5.48219900e+02     0.00000000e+00    -4.15008450e+00     0.00000000e+00   
    1.30000000e+01     0.00000000e+00    -4.15010262e+00     5.48219900e+02     0.00000000e+00    -4.15010262e+00     0.00000000e+00   
    1.40000000e+01     0.00000000e+00    -4.15013695e+00     5.48219900e+02     0.00000000e+00    -4.15013695e+00     0.00000000e+00   
    1.50000000e+01     0.00000000e+00    -4.15017462e+00     5.48219900e+02     0.00000000e+00    -4.15017462e+00     0.00000000e+00   
    1.60000000e+01     0.00000000e+00    -4.15021992e+00     5.48219900e+02     0.00000000e+00    -4.15021992e+00     0.00000000e+00   
    1.70000000e+01     0.00000000e+00    -4.15027523e+00     5.48219900e+02     0.00000000e+00    -4.15027523e+00     0.00000000e+00   
    1.80000000e+01     0.00000000e+00    -4.15029907e+00     5.48219900e+02     0.00000000e+00    -4.15029907e+00     0.00000000e+00   
    1.90000000e+01     0.00000000e+00    -4.15033197e+00     5.48219900e+02     0.00000000e+00    -4.15033197e+00     0.00000000e+00   
    2.00000000e+01     0.00000000e+00    -4.15034914e+00     5.48219900e+02     0.00000000e+00    -4.15034914e+00     0.00000000e+00   
    2.10000000e+01     0.00000000e+00    -4.15037584e+00     5.48219900e+02     0.00000000e+00    -4.15037584e+00     0.00000000e+00   
    2.20000000e+01     0.00000000e+00    -4.15040016e+00     5.48219900e+02     0.00000000e+00    -4.15040016e+00     0.00000000e+00   
    2.30000000e+01     0.00000000e+00    -4.15041447e+00     5.48219900e+02     0.00000000e+00    -4.15041447e+00     0.00000000e+00   
    2.40000000e+01     0.00000000e+00    -4.15044832e+00     5.48219900e+02     0.00000000e+00    -4.15044832e+00     0.00000000e+00   
    2.50000000e+01     0.00000000e+00    -4.15046453e+00     5.48219900e+02     0.00000000e+00    -4.15046453e+00     0.00000000e+00   
    2.60000000e+01     0.00000000e+00    -4.15048122e+00     5.48219900e+02     0.00000000e+00    -4.15048122e+00     0.00000000e+00   
    2.70000000e+01     0.00000000e+00    -4.15049028e+00     5.48219900e+02     0.00000000e+00    -4.15049028e+00     0.00000000e+00   
    2.80000000e+01     0.00000000e+00    -4.15050077e+00     5.48219900e+02     0.00000000e+00    -4.15050077e+00     0.00000000e+00   
    2.90000000e+01     0.00000000e+00    -4.15050793e+00     5.48219900e+02     0.00000000e+00    -4.15050793e+00     0.00000000e+00   
    3.00000000e+01     0.00000000e+00    -4.15052128e+00     5.48219900e+02     0.00000000e+00    -4.15052128e+00     0.00000000e+00   
    3.10000000e+01     0.00000000e+00    -4.15052748e+00     5.48219900e+02     0.00000000e+00    -4.15052748e+00     0.00000000e+00   
    3.20000000e+01     0.00000000e+00    -4.15053606e+00     5.48219900e+02     0.00000000e+00    -4.15053606e+00     0.00000000e+00   
    3.30000000e+01     0.00000000e+00    -4.15054989e+00     5.48219900e+02     0.00000000e+00    -4.15054989e+00     0.00000000e+00   
    3.40000000e+01     0.00000000e+00    -4.15055513e+00     5.48219900e+02     0.00000000e+00    -4.15055513e+00     0.00000000e+00   
    3.50000000e+01     0.00000000e+00    -4.15056276e+00     5.48219900e+02     0.00000000e+00    -4.15056276e+00     0.00000000e+00   
    3.60000000e+01     0.00000000e+00    -4.15056896e+00     5.48219900e+02     0.00000000e+00    -4.15056896e+00     0.00000000e+00   
    3.70000000e+01     0.00000000e+00    -4.15057755e+00     5.48219900e+02     0.00000000e+00    -4.15057755e+00     0.00000000e+00   
    3.80000000e+01     0.00000000e+00    -4.15057898e+00     5.48219900e+02     0.00000000e+00    -4.15057898e+00     0.00000000e+00   
    3.90000000e+01     0.00000000e+00    -4.15058804e+00     5.48219900e+02     0.00000000e+00    -4.15058804e+00     0.00000000e+00   
    4.00000000e+01     0.00000000e+00    -4.15058851e+00     5.48219900e+02     0.00000000e+00    -4.15058851e+00     0.00000000e+00   
