# column   1     --> step : The current simulation time step.
# column   2     --> time : The elapsed simulation time.
# column   3     --> conserved : The value of the conserved energy quantity per bead.
# column   4     --> temperature{kelvin} : The current temperature, as obtained from the MD kinetic energy.
# column   5     --> kinetic_md : The kinetic energy of the (extended) classical system.
# column   6     --> potential : The physical system potential energy.
# column   7     --> pressure_md : The pressure of the (extended) classical system.
    0.00000000e+00     0.00000000e+00    -3.97703218e+00     5.48219900e+02     0.00000000e+00    -3.97703218e+00     0.00000000e+00   
    1.00000000e+00     0.00000000e+00    -4.05934429e+00     5.48219900e+02     0.00000000e+00    -4.05934429e+00     0.00000000e+00   
    2.00000000e+00     0.00000000e+00    -4.12630558e+00     5.48219900e+02     0.00000000e+00    -4.12630558e+00     0.00000000e+00   
    3.00000000e+00     0.00000000e+00    -4.13906527e+00     5.48219900e+02     0.00000000e+00    -4.13906527e+00     0.00000000e+00   
    4.00000000e+00     0.00000000e+00    -4.14850807e+00     5.48219900e+02     0.00000000e+00    -4.14850807e+00     0.00000000e+00   
    5.00000000e+00     0.00000000e+00    -4.14926767e+00     5.48219900e+02     0.00000000e+00    -4.14926767e+00     0.00000000e+00   
    6.00000000e+00     0.00000000e+00    -4.14932537e+00     5.48219900e+02     0.00000000e+00    -4.14932537e+00     0.00000000e+00   
    7.00000000e+00     0.00000000e+00    -4.14941168e+00     5.48219900e+02     0.00000000e+00    -4.14941168e+00     0.00000000e+00   
    8.00000000e+00     0.00000000e+00    -4.14942217e+00     5.48219900e+02     0.00000000e+00    -4.14942217e+00     0.00000000e+00   
    9.00000000e+00     0.00000000e+00    -4.14953899e+00     5.48219900e+02     0.00000000e+00    -4.14953899e+00     0.00000000e+00   
    1.00000000e+01     0.00000000e+00    -4.14958954e+00     5.48219900e+02     0.00000000e+00    -4.14958954e+00     0.00000000e+00   
    1.10000000e+01     0.00000000e+00    -4.14959955e+00     5.48219900e+02     0.00000000e+00    -4.14959955e+00     0.00000000e+00   
    1.20000000e+01     0.00000000e+00    -4.14966011e+00     5.48219900e+02     0.00000000e+00    -4.14966011e+00     0.00000000e+00   
    1.30000000e+01     0.00000000e+00    -4.14967728e+00     5.48219900e+02     0.00000000e+00    -4.14967728e+00     0.00000000e+00   
    1.40000000e+01     0.00000000e+00    -4.14971495e+00     5.48219900e+02     0.00000000e+00    -4.14971495e+00     0.00000000e+00   
    1.50000000e+01     0.00000000e+00    -4.14975214e+00     5.48219900e+02     0.00000000e+00    -4.14975214e+00     0.00000000e+00   
    1.60000000e+01     0.00000000e+00    -4.14979744e+00     5.48219900e+02     0.00000000e+00    -4.14979744e+00     0.00000000e+00   
    1.70000000e+01     0.00000000e+00    -4.14985371e+00     5.48219900e+02     0.00000000e+00    -4.14985371e+00     0.00000000e+00   
    1.80000000e+01     0.00000000e+00    -4.14987993e+00     5.48219900e+02     0.00000000e+00    -4.14987993e+00     0.00000000e+00   
    1.90000000e+01     0.00000000e+00    -4.14991426e+00     5.48219900e+02     0.00000000e+00    -4.14991426e+00     0.00000000e+00   
    2.00000000e+01     0.00000000e+00    -4.14993477e+00     5.48219900e+02     0.00000000e+00    -4.14993477e+00     0.00000000e+00   
    2.10000000e+01     0.00000000e+00    -4.14996338e+00     5.48219900e+02     0.00000000e+00    -4.14996338e+00     0.00000000e+00   
    2.20000000e+01     0.00000000e+00    -4.14998770e+00     5.48219900e+02     0.00000000e+00    -4.14998770e+00     0.00000000e+00   
    2.30000000e+01     0.00000000e+00    -4.15000772e+00     5.48219900e+02     0.00000000e+00    -4.15000772e+00     0.00000000e+00   
    2.40000000e+01     0.00000000e+00    -4.15003300e+00     5.48219900e+02     0.00000000e+00    -4.15003300e+00     0.00000000e+00   
    2.50000000e+01     0.00000000e+00    -4.15005875e+00     5.48219900e+02     0.00000000e+00    -4.15005875e+00     0.00000000e+00   
    2.60000000e+01     0.00000000e+00    -4.15006876e+00     5.48219900e+02     0.00000000e+00    -4.15006876e+00     0.00000000e+00   
    2.70000000e+01     0.00000000e+00    -4.15008402e+00     5.48219900e+02     0.00000000e+00    -4.15008402e+00     0.00000000e+00   
    2.80000000e+01     0.00000000e+00    -4.15009642e+00     5.48219900e+02     0.00000000e+00    -4.15009642e+00     0.00000000e+00   
    2.90000000e+01     0.00000000e+00    -4.15010786e+00     5.48219900e+02     0.00000000e+00    -4.15010786e+00     0.00000000e+00   
    3.00000000e+01     0.00000000e+00    -4.15011549e+00     5.48219900e+02     0.00000000e+00    -4.15011549e+00     0.00000000e+00   
    3.10000000e+01     0.00000000e+00    -4.15012550e+00     5.48219900e+02     0.00000000e+00    -4.15012550e+00     0.00000000e+00   
    3.20000000e+01     0.00000000e+00    -4.15013552e+00     5.48219900e+02     0.00000000e+00    -4.15013552e+00     0.00000000e+00   
    3.30000000e+01     0.00000000e+00    -4.15014696e+00     5.48219900e+02     0.00000000e+00    -4.15014696e+00     0.00000000e+00   
    3.40000000e+01     0.00000000e+00    -4.15015411e+00     5.48219900e+02     0.00000000e+00    -4.15015411e+00     0.00000000e+00   
    3.50000000e+01     0.00000000e+00    -4.15015984e+00     5.48219900e+02     0.00000000e+00    -4.15015984e+00     0.00000000e+00   
    3.60000000e+01     0.00000000e+00    -4.15016413e+00     5.48219900e+02     0.00000000e+00    -4.15016413e+00     0.00000000e+00   
    3.70000000e+01     0.00000000e+00    -4.15017080e+00     5.48219900e+02     0.00000000e+00    -4.15017080e+00     0.00000000e+00   
    3.80000000e+01     0.00000000e+00    -4.15017700e+00     5.48219900e+02     0.00000000e+00    -4.15017700e+00     0.00000000e+00   
    3.90000000e+01     0.00000000e+00    -4.15018129e+00     5.48219900e+02     0.00000000e+00    -4.15018129e+00     0.00000000e+00   
    4.00000000e+01     0.00000000e+00    -4.15018511e+00     5.48219900e+02     0.00000000e+00    -4.15018511e+00     0.00000000e+00   
    4.10000000e+01     0.00000000e+00    -4.15018654e+00     5.48219900e+02     0.00000000e+00    -4.15018654e+00     0.00000000e+00   
    4.20000000e+01     0.00000000e+00    -4.15019560e+00     5.48219900e+02     0.00000000e+00    -4.15019560e+00     0.00000000e+00   
    4.30000000e+01     0.00000000e+00    -4.15019751e+00     5.48219900e+02     0.00000000e+00    -4.15019751e+00     0.00000000e+00   
