# column   1     --> step : The current simulation time step.
# column   2     --> time : The elapsed simulation time.
# column   3     --> conserved : The value of the conserved energy quantity per bead.
# column   4     --> temperature{kelvin} : The current temperature, as obtained from the MD kinetic energy.
# column   5     --> kinetic_md : The kinetic energy of the (extended) classical system.
# column   6     --> potential : The physical system potential energy.
# column   7     --> pressure_md : The pressure of the (extended) classical system.
    0.00000000e+00     0.00000000e+00    -8.94911289e+00     2.43653289e+02     0.00000000e+00    -8.94911289e+00     0.00000000e+00   
    1.00000000e+00     0.00000000e+00    -9.24502277e+00     2.43653289e+02     0.00000000e+00    -9.24502277e+00     0.00000000e+00   
    2.00000000e+00     0.00000000e+00    -9.28372669e+00     2.43653289e+02     0.00000000e+00    -9.28372669e+00     0.00000000e+00   
    3.00000000e+00     0.00000000e+00    -9.33547401e+00     2.43653289e+02     0.00000000e+00    -9.33547401e+00     0.00000000e+00   
    4.00000000e+00     0.00000000e+00    -9.33653259e+00     2.43653289e+02     0.00000000e+00    -9.33653259e+00     0.00000000e+00   
    5.00000000e+00     0.00000000e+00    -9.33668995e+00     2.43653289e+02     0.00000000e+00    -9.33668995e+00     0.00000000e+00   
    6.00000000e+00     0.00000000e+00    -9.33679581e+00     2.43653289e+02     0.00000000e+00    -9.33679581e+00     0.00000000e+00   
    7.00000000e+00     0.00000000e+00    -9.33682919e+00     2.43653289e+02     0.00000000e+00    -9.33682919e+00     0.00000000e+00   
    8.00000000e+00     0.00000000e+00    -9.33702946e+00     2.43653289e+02     0.00000000e+00    -9.33702946e+00     0.00000000e+00   
    9.00000000e+00     0.00000000e+00    -9.33716679e+00     2.43653289e+02     0.00000000e+00    -9.33716679e+00     0.00000000e+00   
    1.00000000e+01     0.00000000e+00    -9.33723831e+00     2.43653289e+02     0.00000000e+00    -9.33723831e+00     0.00000000e+00   
    1.10000000e+01     0.00000000e+00    -9.33735371e+00     2.43653289e+02     0.00000000e+00    -9.33735371e+00     0.00000000e+00   
    1.20000000e+01     0.00000000e+00    -9.33741474e+00     2.43653289e+02     0.00000000e+00    -9.33741474e+00     0.00000000e+00   
    1.30000000e+01     0.00000000e+00    -9.33748531e+00     2.43653289e+02     0.00000000e+00    -9.33748531e+00     0.00000000e+00   
    1.40000000e+01     0.00000000e+00    -9.33756542e+00     2.43653289e+02     0.00000000e+00    -9.33756542e+00     0.00000000e+00   
    1.50000000e+01     0.00000000e+00    -9.33765221e+00     2.43653289e+02     0.00000000e+00    -9.33765221e+00     0.00000000e+00   
    1.60000000e+01     0.00000000e+00    -9.33779430e+00     2.43653289e+02     0.00000000e+00    -9.33779430e+00     0.00000000e+00   
    1.70000000e+01     0.00000000e+00    -9.33788204e+00     2.43653289e+02     0.00000000e+00    -9.33788204e+00     0.00000000e+00   
    1.80000000e+01     0.00000000e+00    -9.33796787e+00     2.43653289e+02     0.00000000e+00    -9.33796787e+00     0.00000000e+00   
    1.90000000e+01     0.00000000e+00    -9.33805370e+00     2.43653289e+02     0.00000000e+00    -9.33805370e+00     0.00000000e+00   
    2.00000000e+01     0.00000000e+00    -9.33810806e+00     2.43653289e+02     0.00000000e+00    -9.33810806e+00     0.00000000e+00   
    2.10000000e+01     0.00000000e+00    -9.33812523e+00     2.43653289e+02     0.00000000e+00    -9.33812523e+00     0.00000000e+00   
    2.20000000e+01     0.00000000e+00    -9.33826160e+00     2.43653289e+02     0.00000000e+00    -9.33826160e+00     0.00000000e+00   
    2.30000000e+01     0.00000000e+00    -9.33829689e+00     2.43653289e+02     0.00000000e+00    -9.33829689e+00     0.00000000e+00   
    2.40000000e+01     0.00000000e+00    -9.33834839e+00     2.43653289e+02     0.00000000e+00    -9.33834839e+00     0.00000000e+00   
    2.50000000e+01     0.00000000e+00    -9.33840752e+00     2.43653289e+02     0.00000000e+00    -9.33840752e+00     0.00000000e+00   
    2.60000000e+01     0.00000000e+00    -9.33841228e+00     2.43653289e+02     0.00000000e+00    -9.33841228e+00     0.00000000e+00   
    2.70000000e+01     0.00000000e+00    -9.33847618e+00     2.43653289e+02     0.00000000e+00    -9.33847618e+00     0.00000000e+00   
    2.80000000e+01     0.00000000e+00    -9.33849239e+00     2.43653289e+02     0.00000000e+00    -9.33849239e+00     0.00000000e+00   
    2.90000000e+01     0.00000000e+00    -9.33853149e+00     2.43653289e+02     0.00000000e+00    -9.33853149e+00     0.00000000e+00   
    3.00000000e+01     0.00000000e+00    -9.33856201e+00     2.43653289e+02     0.00000000e+00    -9.33856201e+00     0.00000000e+00   
    3.10000000e+01     0.00000000e+00    -9.33858681e+00     2.43653289e+02     0.00000000e+00    -9.33858681e+00     0.00000000e+00   
    3.20000000e+01     0.00000000e+00    -9.33860302e+00     2.43653289e+02     0.00000000e+00    -9.33860302e+00     0.00000000e+00   
    3.30000000e+01     0.00000000e+00    -9.33863449e+00     2.43653289e+02     0.00000000e+00    -9.33863449e+00     0.00000000e+00   
    3.40000000e+01     0.00000000e+00    -9.33863735e+00     2.43653289e+02     0.00000000e+00    -9.33863735e+00     0.00000000e+00   
    3.50000000e+01     0.00000000e+00    -9.33865738e+00     2.43653289e+02     0.00000000e+00    -9.33865738e+00     0.00000000e+00   
    3.60000000e+01     0.00000000e+00    -9.33866978e+00     2.43653289e+02     0.00000000e+00    -9.33866978e+00     0.00000000e+00   
    3.70000000e+01     0.00000000e+00    -9.33868599e+00     2.43653289e+02     0.00000000e+00    -9.33868599e+00     0.00000000e+00   
    3.80000000e+01     0.00000000e+00    -9.33870983e+00     2.43653289e+02     0.00000000e+00    -9.33870983e+00     0.00000000e+00   
    3.90000000e+01     0.00000000e+00    -9.33872890e+00     2.43653289e+02     0.00000000e+00    -9.33872890e+00     0.00000000e+00   
    4.00000000e+01     0.00000000e+00    -9.33874512e+00     2.43653289e+02     0.00000000e+00    -9.33874512e+00     0.00000000e+00   
    4.10000000e+01     0.00000000e+00    -9.33875370e+00     2.43653289e+02     0.00000000e+00    -9.33875370e+00     0.00000000e+00   
    4.20000000e+01     0.00000000e+00    -9.33876610e+00     2.43653289e+02     0.00000000e+00    -9.33876610e+00     0.00000000e+00   
    4.30000000e+01     0.00000000e+00    -9.33877087e+00     2.43653289e+02     0.00000000e+00    -9.33877087e+00     0.00000000e+00   
    4.40000000e+01     0.00000000e+00    -9.33878994e+00     2.43653289e+02     0.00000000e+00    -9.33878994e+00     0.00000000e+00   
    4.50000000e+01     0.00000000e+00    -9.33879471e+00     2.43653289e+02     0.00000000e+00    -9.33879471e+00     0.00000000e+00   
