# column   1     --> step : The current simulation time step.
# column   2     --> time : The elapsed simulation time.
# column   3     --> conserved : The value of the conserved energy quantity per bead.
# column   4     --> temperature{kelvin} : The current temperature, as obtained from the MD kinetic energy.
# column   5     --> kinetic_md : The kinetic energy of the (extended) classical system.
# column   6     --> potential : The physical system potential energy.
# column   7     --> pressure_md : The pressure of the (extended) classical system.
    0.00000000e+00     0.00000000e+00    -1.59096775e+01     1.37054975e+02     0.00000000e+00    -1.59096775e+01     0.00000000e+00   
    1.00000000e+00     0.00000000e+00    -1.64248886e+01     1.37054975e+02     0.00000000e+00    -1.64248886e+01     0.00000000e+00   
    2.00000000e+00     0.00000000e+00    -1.65029392e+01     1.37054975e+02     0.00000000e+00    -1.65029392e+01     0.00000000e+00   
    3.00000000e+00     0.00000000e+00    -1.65899448e+01     1.37054975e+02     0.00000000e+00    -1.65899448e+01     0.00000000e+00   
    4.00000000e+00     0.00000000e+00    -1.65985241e+01     1.37054975e+02     0.00000000e+00    -1.65985241e+01     0.00000000e+00   
    5.00000000e+00     0.00000000e+00    -1.65986176e+01     1.37054975e+02     0.00000000e+00    -1.65986176e+01     0.00000000e+00   
    6.00000000e+00     0.00000000e+00    -1.65991459e+01     1.37054975e+02     0.00000000e+00    -1.65991459e+01     0.00000000e+00   
    7.00000000e+00     0.00000000e+00    -1.65991879e+01     1.37054975e+02     0.00000000e+00    -1.65991879e+01     0.00000000e+00   
    8.00000000e+00     0.00000000e+00    -1.65997219e+01     1.37054975e+02     0.00000000e+00    -1.65997219e+01     0.00000000e+00   
    9.00000000e+00     0.00000000e+00    -1.65999260e+01     1.37054975e+02     0.00000000e+00    -1.65999260e+01     0.00000000e+00   
    1.00000000e+01     0.00000000e+00    -1.66000309e+01     1.37054975e+02     0.00000000e+00    -1.66000309e+01     0.00000000e+00   
    1.10000000e+01     0.00000000e+00    -1.66001606e+01     1.37054975e+02     0.00000000e+00    -1.66001606e+01     0.00000000e+00   
    1.20000000e+01     0.00000000e+00    -1.66002464e+01     1.37054975e+02     0.00000000e+00    -1.66002464e+01     0.00000000e+00   
    1.30000000e+01     0.00000000e+00    -1.66004086e+01     1.37054975e+02     0.00000000e+00    -1.66004086e+01     0.00000000e+00   
    1.40000000e+01     0.00000000e+00    -1.66004734e+01     1.37054975e+02     0.00000000e+00    -1.66004734e+01     0.00000000e+00   
    1.50000000e+01     0.00000000e+00    -1.66006546e+01     1.37054975e+02     0.00000000e+00    -1.66006546e+01     0.00000000e+00   
    1.60000000e+01     0.00000000e+00    -1.66008091e+01     1.37054975e+02     0.00000000e+00    -1.66008091e+01     0.00000000e+00   
    1.70000000e+01     0.00000000e+00    -1.66009655e+01     1.37054975e+02     0.00000000e+00    -1.66009655e+01     0.00000000e+00   
    1.80000000e+01     0.00000000e+00    -1.66011543e+01     1.37054975e+02     0.00000000e+00    -1.66011543e+01     0.00000000e+00   
    1.90000000e+01     0.00000000e+00    -1.66012917e+01     1.37054975e+02     0.00000000e+00    -1.66012917e+01     0.00000000e+00   
    2.00000000e+01     0.00000000e+00    -1.66013832e+01     1.37054975e+02     0.00000000e+00    -1.66013832e+01     0.00000000e+00   
    2.10000000e+01     0.00000000e+00    -1.66014767e+01     1.37054975e+02     0.00000000e+00    -1.66014767e+01     0.00000000e+00   
    2.20000000e+01     0.00000000e+00    -1.66015816e+01     1.37054975e+02     0.00000000e+00    -1.66015816e+01     0.00000000e+00   
    2.30000000e+01     0.00000000e+00    -1.66016026e+01     1.37054975e+02     0.00000000e+00    -1.66016026e+01     0.00000000e+00   
    2.40000000e+01     0.00000000e+00    -1.66018143e+01     1.37054975e+02     0.00000000e+00    -1.66018143e+01     0.00000000e+00   
    2.50000000e+01     0.00000000e+00    -1.66018524e+01     1.37054975e+02     0.00000000e+00    -1.66018524e+01     0.00000000e+00   
    2.60000000e+01     0.00000000e+00    -1.66019115e+01     1.37054975e+02     0.00000000e+00    -1.66019115e+01     0.00000000e+00   
    2.70000000e+01     0.00000000e+00    -1.66019783e+01     1.37054975e+02     0.00000000e+00    -1.66019783e+01     0.00000000e+00   
    2.80000000e+01     0.00000000e+00    -1.66020470e+01     1.37054975e+02     0.00000000e+00    -1.66020470e+01     0.00000000e+00   
    2.90000000e+01     0.00000000e+00    -1.66020756e+01     1.37054975e+02     0.00000000e+00    -1.66020756e+01     0.00000000e+00   
